[2018-12-17 15:47:41] INFO [main: CodeCraft-2019.py, 21] car_path is config/car.txt
[2018-12-17 15:47:41] INFO [main: CodeCraft-2019.py, 22] road_path is config/road.txt
[2018-12-17 15:47:41] INFO [main: CodeCraft-2019.py, 23] cross_path is config/cross.txt
[2018-12-17 15:47:41] INFO [main: CodeCraft-2019.py, 24] answer_path is config/answer.txt[2019-04-02 20:53:57] INFO [main: CodeCraft-2019.py, 27] car_path is config/car.txt
[2019-04-02 20:53:57] INFO [main: CodeCraft-2019.py, 28] road_path is config/road.txt
[2019-04-02 20:53:57] INFO [main: CodeCraft-2019.py, 29] cross_path is config/cross.txt
[2019-04-02 20:53:57] INFO [main: CodeCraft-2019.py, 30] preset_answer_path is config/presetAnswer.txt
[2019-04-02 20:53:57] INFO [main: CodeCraft-2019.py, 31] answer_path is config/answer.txt
[2019-04-06 15:44:17] INFO [main: CodeCraft-2019.py, 27] car_path is config/car.txt
[2019-04-06 15:44:17] INFO [main: CodeCraft-2019.py, 28] road_path is config/road.txt
[2019-04-06 15:44:17] INFO [main: CodeCraft-2019.py, 29] cross_path is config/cross.txt
[2019-04-06 15:44:17] INFO [main: CodeCraft-2019.py, 30] preset_answer_path is config/presetAnswer.txt
[2019-04-06 15:44:17] INFO [main: CodeCraft-2019.py, 31] answer_path is config/answer.txt
[2019-04-06 15:44:48] INFO [main: CodeCraft-2019.py, 27] car_path is config/car.txt
[2019-04-06 15:44:48] INFO [main: CodeCraft-2019.py, 28] road_path is config/road.txt
[2019-04-06 15:44:48] INFO [main: CodeCraft-2019.py, 29] cross_path is config/cross.txt
[2019-04-06 15:44:48] INFO [main: CodeCraft-2019.py, 30] preset_answer_path is config/presetAnswer.txt
[2019-04-06 15:44:48] INFO [main: CodeCraft-2019.py, 31] answer_path is config/answer.txt
[2019-04-06 15:49:29] INFO [main: CodeCraft-2019.py, 27] car_path is config/car.txt
[2019-04-06 15:49:29] INFO [main: CodeCraft-2019.py, 28] road_path is config/road.txt
[2019-04-06 15:49:29] INFO [main: CodeCraft-2019.py, 29] cross_path is config/cross.txt
[2019-04-06 15:49:29] INFO [main: CodeCraft-2019.py, 30] preset_answer_path is config/presetAnswer.txt
[2019-04-06 15:49:29] INFO [main: CodeCraft-2019.py, 31] answer_path is config/answer.txt
[2019-04-06 15:54:42] INFO [main: CodeCraft-2019.py, 27] car_path is config/car.txt
[2019-04-06 15:54:42] INFO [main: CodeCraft-2019.py, 28] road_path is config/road.txt
[2019-04-06 15:54:42] INFO [main: CodeCraft-2019.py, 29] cross_path is config/cross.txt
[2019-04-06 15:54:42] INFO [main: CodeCraft-2019.py, 30] preset_answer_path is config/presetAnswer.txt
[2019-04-06 15:54:42] INFO [main: CodeCraft-2019.py, 31] answer_path is config/answer.txt
[2019-04-06 16:04:26] INFO [main: CodeCraft-2019.py, 27] car_path is config/car.txt
[2019-04-06 16:04:26] INFO [main: CodeCraft-2019.py, 28] road_path is config/road.txt
[2019-04-06 16:04:26] INFO [main: CodeCraft-2019.py, 29] cross_path is config/cross.txt
[2019-04-06 16:04:26] INFO [main: CodeCraft-2019.py, 30] preset_answer_path is config/presetAnswer.txt
[2019-04-06 16:04:26] INFO [main: CodeCraft-2019.py, 31] answer_path is config/answer.txt
[2019-04-08 00:16:20] INFO [main: CodeCraft-2019.py, 27] car_path is config/car.txt
[2019-04-08 00:16:20] INFO [main: CodeCraft-2019.py, 28] road_path is config/road.txt
[2019-04-08 00:16:20] INFO [main: CodeCraft-2019.py, 29] cross_path is config/cross.txt
[2019-04-08 00:16:20] INFO [main: CodeCraft-2019.py, 30] preset_answer_path is config/presetAnswer.txt
[2019-04-08 00:16:20] INFO [main: CodeCraft-2019.py, 31] answer_path is config/answer.txt
[2019-04-08 00:17:21] INFO [main: CodeCraft-2019.py, 27] car_path is config/car.txt
[2019-04-08 00:17:21] INFO [main: CodeCraft-2019.py, 28] road_path is config/road.txt
[2019-04-08 00:17:21] INFO [main: CodeCraft-2019.py, 29] cross_path is config/cross.txt
[2019-04-08 00:17:21] INFO [main: CodeCraft-2019.py, 30] preset_answer_path is config/presetAnswer.txt
[2019-04-08 00:17:21] INFO [main: CodeCraft-2019.py, 31] answer_path is config/answer.txt
[2019-04-08 10:35:32] INFO [main: CodeCraft-2019.py, 27] car_path is config/car.txt
[2019-04-08 10:35:32] INFO [main: CodeCraft-2019.py, 28] road_path is config/road.txt
[2019-04-08 10:35:32] INFO [main: CodeCraft-2019.py, 29] cross_path is config/cross.txt
[2019-04-08 10:35:32] INFO [main: CodeCraft-2019.py, 30] preset_answer_path is config/presetAnswer.txt
[2019-04-08 10:35:32] INFO [main: CodeCraft-2019.py, 31] answer_path is config/answer.txt
[2019-04-08 10:43:51] INFO [main: CodeCraft-2019.py, 27] car_path is config/car.txt
[2019-04-08 10:43:51] INFO [main: CodeCraft-2019.py, 28] road_path is config/road.txt
[2019-04-08 10:43:51] INFO [main: CodeCraft-2019.py, 29] cross_path is config/cross.txt
[2019-04-08 10:43:51] INFO [main: CodeCraft-2019.py, 30] preset_answer_path is config/presetAnswer.txt
[2019-04-08 10:43:51] INFO [main: CodeCraft-2019.py, 31] answer_path is config/answer.txt
[2019-04-08 10:46:04] INFO [main: CodeCraft-2019.py, 27] car_path is config/car.txt
[2019-04-08 10:46:04] INFO [main: CodeCraft-2019.py, 28] road_path is config/road.txt
[2019-04-08 10:46:04] INFO [main: CodeCraft-2019.py, 29] cross_path is config/cross.txt
[2019-04-08 10:46:04] INFO [main: CodeCraft-2019.py, 30] preset_answer_path is config/presetAnswer.txt
[2019-04-08 10:46:04] INFO [main: CodeCraft-2019.py, 31] answer_path is config/answer.txt
[2019-04-08 10:49:12] INFO [main: CodeCraft-2019.py, 27] car_path is config/car.txt
[2019-04-08 10:49:12] INFO [main: CodeCraft-2019.py, 28] road_path is config/road.txt
[2019-04-08 10:49:12] INFO [main: CodeCraft-2019.py, 29] cross_path is config/cross.txt
[2019-04-08 10:49:12] INFO [main: CodeCraft-2019.py, 30] preset_answer_path is config/presetAnswer.txt
[2019-04-08 10:49:12] INFO [main: CodeCraft-2019.py, 31] answer_path is config/answer.txt
[2019-04-08 10:53:13] INFO [main: CodeCraft-2019.py, 27] car_path is config/car.txt
[2019-04-08 10:53:13] INFO [main: CodeCraft-2019.py, 28] road_path is config/road.txt
[2019-04-08 10:53:13] INFO [main: CodeCraft-2019.py, 29] cross_path is config/cross.txt
[2019-04-08 10:53:13] INFO [main: CodeCraft-2019.py, 30] preset_answer_path is config/presetAnswer.txt
[2019-04-08 10:53:13] INFO [main: CodeCraft-2019.py, 31] answer_path is config/answer.txt
[2019-04-08 10:56:42] INFO [main: CodeCraft-2019.py, 27] car_path is config/car.txt
[2019-04-08 10:56:42] INFO [main: CodeCraft-2019.py, 28] road_path is config/road.txt
[2019-04-08 10:56:42] INFO [main: CodeCraft-2019.py, 29] cross_path is config/cross.txt
[2019-04-08 10:56:42] INFO [main: CodeCraft-2019.py, 30] preset_answer_path is config/presetAnswer.txt
[2019-04-08 10:56:42] INFO [main: CodeCraft-2019.py, 31] answer_path is config/answer.txt
[2019-04-08 10:58:50] INFO [main: CodeCraft-2019.py, 27] car_path is config/car.txt
[2019-04-08 10:58:50] INFO [main: CodeCraft-2019.py, 28] road_path is config/road.txt
[2019-04-08 10:58:50] INFO [main: CodeCraft-2019.py, 29] cross_path is config/cross.txt
[2019-04-08 10:58:50] INFO [main: CodeCraft-2019.py, 30] preset_answer_path is config/presetAnswer.txt
[2019-04-08 10:58:50] INFO [main: CodeCraft-2019.py, 31] answer_path is config/answer.txt
[2019-04-08 11:00:28] INFO [main: CodeCraft-2019.py, 27] car_path is config/car.txt
[2019-04-08 11:00:28] INFO [main: CodeCraft-2019.py, 28] road_path is config/road.txt
[2019-04-08 11:00:28] INFO [main: CodeCraft-2019.py, 29] cross_path is config/cross.txt
[2019-04-08 11:00:28] INFO [main: CodeCraft-2019.py, 30] preset_answer_path is config/presetAnswer.txt
[2019-04-08 11:00:28] INFO [main: CodeCraft-2019.py, 31] answer_path is config/answer.txt
[2019-04-08 11:00:50] INFO [main: CodeCraft-2019.py, 27] car_path is config/car.txt
[2019-04-08 11:00:50] INFO [main: CodeCraft-2019.py, 28] road_path is config/road.txt
[2019-04-08 11:00:50] INFO [main: CodeCraft-2019.py, 29] cross_path is config/cross.txt
[2019-04-08 11:00:50] INFO [main: CodeCraft-2019.py, 30] preset_answer_path is config/presetAnswer.txt
[2019-04-08 11:00:50] INFO [main: CodeCraft-2019.py, 31] answer_path is config/answer.txt
[2019-04-08 11:07:46] INFO [main: CodeCraft-2019.py, 27] car_path is config/car.txt
[2019-04-08 11:07:46] INFO [main: CodeCraft-2019.py, 28] road_path is config/road.txt
[2019-04-08 11:07:46] INFO [main: CodeCraft-2019.py, 29] cross_path is config/cross.txt
[2019-04-08 11:07:46] INFO [main: CodeCraft-2019.py, 30] preset_answer_path is config/presetAnswer.txt
[2019-04-08 11:07:46] INFO [main: CodeCraft-2019.py, 31] answer_path is config/answer.txt
[2019-04-08 11:09:20] INFO [main: CodeCraft-2019.py, 27] car_path is config/car.txt
[2019-04-08 11:09:20] INFO [main: CodeCraft-2019.py, 28] road_path is config/road.txt
[2019-04-08 11:09:20] INFO [main: CodeCraft-2019.py, 29] cross_path is config/cross.txt
[2019-04-08 11:09:20] INFO [main: CodeCraft-2019.py, 30] preset_answer_path is config/presetAnswer.txt
[2019-04-08 11:09:20] INFO [main: CodeCraft-2019.py, 31] answer_path is config/answer.txt
[2019-04-08 11:10:24] INFO [main: CodeCraft-2019.py, 27] car_path is config/car.txt
[2019-04-08 11:10:24] INFO [main: CodeCraft-2019.py, 28] road_path is config/road.txt
[2019-04-08 11:10:24] INFO [main: CodeCraft-2019.py, 29] cross_path is config/cross.txt
[2019-04-08 11:10:24] INFO [main: CodeCraft-2019.py, 30] preset_answer_path is config/presetAnswer.txt
[2019-04-08 11:10:24] INFO [main: CodeCraft-2019.py, 31] answer_path is config/answer.txt
[2019-04-08 11:12:31] INFO [main: CodeCraft-2019.py, 27] car_path is config/car.txt
[2019-04-08 11:12:31] INFO [main: CodeCraft-2019.py, 28] road_path is config/road.txt
[2019-04-08 11:12:31] INFO [main: CodeCraft-2019.py, 29] cross_path is config/cross.txt
[2019-04-08 11:12:31] INFO [main: CodeCraft-2019.py, 30] preset_answer_path is config/presetAnswer.txt
[2019-04-08 11:12:31] INFO [main: CodeCraft-2019.py, 31] answer_path is config/answer.txt
[2019-04-08 11:12:44] INFO [main: CodeCraft-2019.py, 27] car_path is config/car.txt
[2019-04-08 11:12:44] INFO [main: CodeCraft-2019.py, 28] road_path is config/road.txt
[2019-04-08 11:12:44] INFO [main: CodeCraft-2019.py, 29] cross_path is config/cross.txt
[2019-04-08 11:12:44] INFO [main: CodeCraft-2019.py, 30] preset_answer_path is config/presetAnswer.txt
[2019-04-08 11:12:44] INFO [main: CodeCraft-2019.py, 31] answer_path is config/answer.txt
[2019-04-08 11:14:08] INFO [main: CodeCraft-2019.py, 27] car_path is config/car.txt
[2019-04-08 11:14:08] INFO [main: CodeCraft-2019.py, 28] road_path is config/road.txt
[2019-04-08 11:14:08] INFO [main: CodeCraft-2019.py, 29] cross_path is config/cross.txt
[2019-04-08 11:14:08] INFO [main: CodeCraft-2019.py, 30] preset_answer_path is config/presetAnswer.txt
[2019-04-08 11:14:08] INFO [main: CodeCraft-2019.py, 31] answer_path is config/answer.txt
[2019-04-08 11:58:03] INFO [main: CodeCraft-2019.py, 27] car_path is config/car.txt
[2019-04-08 11:58:03] INFO [main: CodeCraft-2019.py, 28] road_path is config/road.txt
[2019-04-08 11:58:03] INFO [main: CodeCraft-2019.py, 29] cross_path is config/cross.txt
[2019-04-08 11:58:03] INFO [main: CodeCraft-2019.py, 30] preset_answer_path is config/presetAnswer.txt
[2019-04-08 11:58:03] INFO [main: CodeCraft-2019.py, 31] answer_path is config/answer.txt
[2019-04-08 12:02:39] INFO [main: CodeCraft-2019.py, 27] car_path is config/car.txt
[2019-04-08 12:02:39] INFO [main: CodeCraft-2019.py, 28] road_path is config/road.txt
[2019-04-08 12:02:39] INFO [main: CodeCraft-2019.py, 29] cross_path is config/cross.txt
[2019-04-08 12:02:39] INFO [main: CodeCraft-2019.py, 30] preset_answer_path is config/presetAnswer.txt
[2019-04-08 12:02:39] INFO [main: CodeCraft-2019.py, 31] answer_path is config/answer.txt
[2019-04-08 12:07:21] INFO [main: CodeCraft-2019.py, 27] car_path is config/car.txt
[2019-04-08 12:07:21] INFO [main: CodeCraft-2019.py, 28] road_path is config/road.txt
[2019-04-08 12:07:21] INFO [main: CodeCraft-2019.py, 29] cross_path is config/cross.txt
[2019-04-08 12:07:21] INFO [main: CodeCraft-2019.py, 30] preset_answer_path is config/presetAnswer.txt
[2019-04-08 12:07:21] INFO [main: CodeCraft-2019.py, 31] answer_path is config/answer.txt
[2019-04-08 12:13:24] INFO [main: CodeCraft-2019.py, 27] car_path is config/car.txt
[2019-04-08 12:13:24] INFO [main: CodeCraft-2019.py, 28] road_path is config/road.txt
[2019-04-08 12:13:24] INFO [main: CodeCraft-2019.py, 29] cross_path is config/cross.txt
[2019-04-08 12:13:24] INFO [main: CodeCraft-2019.py, 30] preset_answer_path is config/presetAnswer.txt
[2019-04-08 12:13:24] INFO [main: CodeCraft-2019.py, 31] answer_path is config/answer.txt
[2019-04-08 12:58:48] INFO [main: CodeCraft-2019.py, 27] car_path is config/car.txt
[2019-04-08 12:58:48] INFO [main: CodeCraft-2019.py, 28] road_path is config/road.txt
[2019-04-08 12:58:48] INFO [main: CodeCraft-2019.py, 29] cross_path is config/cross.txt
[2019-04-08 12:58:48] INFO [main: CodeCraft-2019.py, 30] preset_answer_path is config/presetAnswer.txt
[2019-04-08 12:58:48] INFO [main: CodeCraft-2019.py, 31] answer_path is config/answer.txt
[2019-04-08 13:47:30] INFO [main: CodeCraft-2019.py, 27] car_path is config/car.txt
[2019-04-08 13:47:30] INFO [main: CodeCraft-2019.py, 28] road_path is config/road.txt
[2019-04-08 13:47:30] INFO [main: CodeCraft-2019.py, 29] cross_path is config/cross.txt
[2019-04-08 13:47:30] INFO [main: CodeCraft-2019.py, 30] preset_answer_path is config/presetAnswer.txt
[2019-04-08 13:47:30] INFO [main: CodeCraft-2019.py, 31] answer_path is config/answer.txt
[2019-04-08 13:48:07] INFO [main: CodeCraft-2019.py, 27] car_path is config/car.txt
[2019-04-08 13:48:07] INFO [main: CodeCraft-2019.py, 28] road_path is config/road.txt
[2019-04-08 13:48:07] INFO [main: CodeCraft-2019.py, 29] cross_path is config/cross.txt
[2019-04-08 13:48:07] INFO [main: CodeCraft-2019.py, 30] preset_answer_path is config/presetAnswer.txt
[2019-04-08 13:48:07] INFO [main: CodeCraft-2019.py, 31] answer_path is config/answer.txt
[2019-04-08 13:49:01] INFO [main: CodeCraft-2019.py, 27] car_path is config/car.txt
[2019-04-08 13:49:01] INFO [main: CodeCraft-2019.py, 28] road_path is config/road.txt
[2019-04-08 13:49:01] INFO [main: CodeCraft-2019.py, 29] cross_path is config/cross.txt
[2019-04-08 13:49:01] INFO [main: CodeCraft-2019.py, 30] preset_answer_path is config/presetAnswer.txt
[2019-04-08 13:49:01] INFO [main: CodeCraft-2019.py, 31] answer_path is config/answer.txt
[2019-04-08 14:36:30] INFO [main: CodeCraft-2019.py, 27] car_path is config/car.txt
[2019-04-08 14:36:30] INFO [main: CodeCraft-2019.py, 28] road_path is config/road.txt
[2019-04-08 14:36:30] INFO [main: CodeCraft-2019.py, 29] cross_path is config/cross.txt
[2019-04-08 14:36:30] INFO [main: CodeCraft-2019.py, 30] preset_answer_path is config/presetAnswer.txt
[2019-04-08 14:36:30] INFO [main: CodeCraft-2019.py, 31] answer_path is config/answer.txt
[2019-04-08 20:25:19] INFO [main: CodeCraft-2019.py, 27] car_path is config/car.txt
[2019-04-08 20:25:19] INFO [main: CodeCraft-2019.py, 28] road_path is config/road.txt
[2019-04-08 20:25:19] INFO [main: CodeCraft-2019.py, 29] cross_path is config/cross.txt
[2019-04-08 20:25:19] INFO [main: CodeCraft-2019.py, 30] preset_answer_path is config/presetAnswer.txt
[2019-04-08 20:25:19] INFO [main: CodeCraft-2019.py, 31] answer_path is config/answer.txt
[2019-04-08 20:29:14] INFO [main: CodeCraft-2019.py, 27] car_path is config/car.txt
[2019-04-08 20:29:14] INFO [main: CodeCraft-2019.py, 28] road_path is config/road.txt
[2019-04-08 20:29:14] INFO [main: CodeCraft-2019.py, 29] cross_path is config/cross.txt
[2019-04-08 20:29:14] INFO [main: CodeCraft-2019.py, 30] preset_answer_path is config/presetAnswer.txt
[2019-04-08 20:29:14] INFO [main: CodeCraft-2019.py, 31] answer_path is config/answer.txt
[2019-04-08 20:29:51] INFO [main: CodeCraft-2019.py, 27] car_path is config/car.txt
[2019-04-08 20:29:51] INFO [main: CodeCraft-2019.py, 28] road_path is config/road.txt
[2019-04-08 20:29:51] INFO [main: CodeCraft-2019.py, 29] cross_path is config/cross.txt
[2019-04-08 20:29:51] INFO [main: CodeCraft-2019.py, 30] preset_answer_path is config/presetAnswer.txt
[2019-04-08 20:29:51] INFO [main: CodeCraft-2019.py, 31] answer_path is config/answer.txt
[2019-04-08 20:30:02] INFO [main: CodeCraft-2019.py, 27] car_path is config/car.txt
[2019-04-08 20:30:02] INFO [main: CodeCraft-2019.py, 28] road_path is config/road.txt
[2019-04-08 20:30:02] INFO [main: CodeCraft-2019.py, 29] cross_path is config/cross.txt
[2019-04-08 20:30:02] INFO [main: CodeCraft-2019.py, 30] preset_answer_path is config/presetAnswer.txt
[2019-04-08 20:30:02] INFO [main: CodeCraft-2019.py, 31] answer_path is config/answer.txt
[2019-04-08 20:30:17] INFO [main: CodeCraft-2019.py, 27] car_path is config/car.txt
[2019-04-08 20:30:17] INFO [main: CodeCraft-2019.py, 28] road_path is config/road.txt
[2019-04-08 20:30:17] INFO [main: CodeCraft-2019.py, 29] cross_path is config/cross.txt
[2019-04-08 20:30:17] INFO [main: CodeCraft-2019.py, 30] preset_answer_path is config/presetAnswer.txt
[2019-04-08 20:30:17] INFO [main: CodeCraft-2019.py, 31] answer_path is config/answer.txt
[2019-04-08 20:30:48] INFO [main: CodeCraft-2019.py, 27] car_path is config/car.txt
[2019-04-08 20:30:48] INFO [main: CodeCraft-2019.py, 28] road_path is config/road.txt
[2019-04-08 20:30:48] INFO [main: CodeCraft-2019.py, 29] cross_path is config/cross.txt
[2019-04-08 20:30:48] INFO [main: CodeCraft-2019.py, 30] preset_answer_path is config/presetAnswer.txt
[2019-04-08 20:30:48] INFO [main: CodeCraft-2019.py, 31] answer_path is config/answer.txt
[2019-04-08 20:31:02] INFO [main: CodeCraft-2019.py, 27] car_path is config/car.txt
[2019-04-08 20:31:02] INFO [main: CodeCraft-2019.py, 28] road_path is config/road.txt
[2019-04-08 20:31:02] INFO [main: CodeCraft-2019.py, 29] cross_path is config/cross.txt
[2019-04-08 20:31:02] INFO [main: CodeCraft-2019.py, 30] preset_answer_path is config/presetAnswer.txt
[2019-04-08 20:31:02] INFO [main: CodeCraft-2019.py, 31] answer_path is config/answer.txt
[2019-04-08 20:31:42] INFO [main: CodeCraft-2019.py, 27] car_path is config/car.txt
[2019-04-08 20:31:42] INFO [main: CodeCraft-2019.py, 28] road_path is config/road.txt
[2019-04-08 20:31:42] INFO [main: CodeCraft-2019.py, 29] cross_path is config/cross.txt
[2019-04-08 20:31:42] INFO [main: CodeCraft-2019.py, 30] preset_answer_path is config/presetAnswer.txt
[2019-04-08 20:31:42] INFO [main: CodeCraft-2019.py, 31] answer_path is config/answer.txt
[2019-04-08 21:02:36] INFO [main: CodeCraft-2019.py, 27] car_path is config/car.txt
[2019-04-08 21:02:36] INFO [main: CodeCraft-2019.py, 28] road_path is config/road.txt
[2019-04-08 21:02:36] INFO [main: CodeCraft-2019.py, 29] cross_path is config/cross.txt
[2019-04-08 21:02:36] INFO [main: CodeCraft-2019.py, 30] preset_answer_path is config/presetAnswer.txt
[2019-04-08 21:02:36] INFO [main: CodeCraft-2019.py, 31] answer_path is config/answer.txt
[2019-04-08 21:46:08] INFO [main: CodeCraft-2019.py, 27] car_path is config/car.txt
[2019-04-08 21:46:08] INFO [main: CodeCraft-2019.py, 28] road_path is config/road.txt
[2019-04-08 21:46:08] INFO [main: CodeCraft-2019.py, 29] cross_path is config/cross.txt
[2019-04-08 21:46:08] INFO [main: CodeCraft-2019.py, 30] preset_answer_path is config/presetAnswer.txt
[2019-04-08 21:46:08] INFO [main: CodeCraft-2019.py, 31] answer_path is config/answer.txt
[2019-04-08 21:51:52] INFO [main: CodeCraft-2019.py, 27] car_path is config/car.txt
[2019-04-08 21:51:52] INFO [main: CodeCraft-2019.py, 28] road_path is config/road.txt
[2019-04-08 21:51:52] INFO [main: CodeCraft-2019.py, 29] cross_path is config/cross.txt
[2019-04-08 21:51:52] INFO [main: CodeCraft-2019.py, 30] preset_answer_path is config/presetAnswer.txt
[2019-04-08 21:51:52] INFO [main: CodeCraft-2019.py, 31] answer_path is config/answer.txt
[2019-04-08 22:04:41] INFO [main: CodeCraft-2019.py, 27] car_path is config/car.txt
[2019-04-08 22:04:41] INFO [main: CodeCraft-2019.py, 28] road_path is config/road.txt
[2019-04-08 22:04:41] INFO [main: CodeCraft-2019.py, 29] cross_path is config/cross.txt
[2019-04-08 22:04:41] INFO [main: CodeCraft-2019.py, 30] preset_answer_path is config/presetAnswer.txt
[2019-04-08 22:04:41] INFO [main: CodeCraft-2019.py, 31] answer_path is config/answer.txt
[2019-04-09 11:35:24] INFO [main: CodeCraft-2019.py, 27] car_path is config/car.txt
[2019-04-09 11:35:24] INFO [main: CodeCraft-2019.py, 28] road_path is config/road.txt
[2019-04-09 11:35:24] INFO [main: CodeCraft-2019.py, 29] cross_path is config/cross.txt
[2019-04-09 11:35:24] INFO [main: CodeCraft-2019.py, 30] preset_answer_path is config/presetAnswer.txt
[2019-04-09 11:35:24] INFO [main: CodeCraft-2019.py, 31] answer_path is config/answer.txt
[2019-04-09 11:36:17] INFO [main: CodeCraft-2019.py, 27] car_path is config/car.txt
[2019-04-09 11:36:17] INFO [main: CodeCraft-2019.py, 28] road_path is config/road.txt
[2019-04-09 11:36:17] INFO [main: CodeCraft-2019.py, 29] cross_path is config/cross.txt
[2019-04-09 11:36:17] INFO [main: CodeCraft-2019.py, 30] preset_answer_path is config/presetAnswer.txt
[2019-04-09 11:36:17] INFO [main: CodeCraft-2019.py, 31] answer_path is config/answer.txt
[2019-04-09 11:37:44] INFO [main: CodeCraft-2019.py, 27] car_path is config/car.txt
[2019-04-09 11:37:44] INFO [main: CodeCraft-2019.py, 28] road_path is config/road.txt
[2019-04-09 11:37:44] INFO [main: CodeCraft-2019.py, 29] cross_path is config/cross.txt
[2019-04-09 11:37:44] INFO [main: CodeCraft-2019.py, 30] preset_answer_path is config/presetAnswer.txt
[2019-04-09 11:37:44] INFO [main: CodeCraft-2019.py, 31] answer_path is config/answer.txt
[2019-04-09 11:38:26] INFO [main: CodeCraft-2019.py, 27] car_path is config/car.txt
[2019-04-09 11:38:26] INFO [main: CodeCraft-2019.py, 28] road_path is config/road.txt
[2019-04-09 11:38:26] INFO [main: CodeCraft-2019.py, 29] cross_path is config/cross.txt
[2019-04-09 11:38:26] INFO [main: CodeCraft-2019.py, 30] preset_answer_path is config/presetAnswer.txt
[2019-04-09 11:38:26] INFO [main: CodeCraft-2019.py, 31] answer_path is config/answer.txt
[2019-04-09 11:38:45] INFO [main: CodeCraft-2019.py, 27] car_path is config/car.txt
[2019-04-09 11:38:45] INFO [main: CodeCraft-2019.py, 28] road_path is config/road.txt
[2019-04-09 11:38:45] INFO [main: CodeCraft-2019.py, 29] cross_path is config/cross.txt
[2019-04-09 11:38:45] INFO [main: CodeCraft-2019.py, 30] preset_answer_path is config/presetAnswer.txt
[2019-04-09 11:38:45] INFO [main: CodeCraft-2019.py, 31] answer_path is config/answer.txt
[2019-04-09 11:43:29] INFO [main: CodeCraft-2019.py, 27] car_path is config/car.txt
[2019-04-09 11:43:29] INFO [main: CodeCraft-2019.py, 28] road_path is config/road.txt
[2019-04-09 11:43:29] INFO [main: CodeCraft-2019.py, 29] cross_path is config/cross.txt
[2019-04-09 11:43:29] INFO [main: CodeCraft-2019.py, 30] preset_answer_path is config/presetAnswer.txt
[2019-04-09 11:43:29] INFO [main: CodeCraft-2019.py, 31] answer_path is config/answer.txt
[2019-04-09 13:19:16] INFO [main: CodeCraft-2019.py, 27] car_path is config/car.txt
[2019-04-09 13:19:16] INFO [main: CodeCraft-2019.py, 28] road_path is config/road.txt
[2019-04-09 13:19:16] INFO [main: CodeCraft-2019.py, 29] cross_path is config/cross.txt
[2019-04-09 13:19:16] INFO [main: CodeCraft-2019.py, 30] preset_answer_path is config/presetAnswer.txt
[2019-04-09 13:19:16] INFO [main: CodeCraft-2019.py, 31] answer_path is config/answer.txt
[2019-04-09 13:28:13] INFO [main: CodeCraft-2019.py, 27] car_path is config/car.txt
[2019-04-09 13:28:13] INFO [main: CodeCraft-2019.py, 28] road_path is config/road.txt
[2019-04-09 13:28:13] INFO [main: CodeCraft-2019.py, 29] cross_path is config/cross.txt
[2019-04-09 13:28:13] INFO [main: CodeCraft-2019.py, 30] preset_answer_path is config/presetAnswer.txt
[2019-04-09 13:28:13] INFO [main: CodeCraft-2019.py, 31] answer_path is config/answer.txt
[2019-04-09 13:30:49] INFO [main: CodeCraft-2019.py, 27] car_path is config/car.txt
[2019-04-09 13:30:49] INFO [main: CodeCraft-2019.py, 28] road_path is config/road.txt
[2019-04-09 13:30:49] INFO [main: CodeCraft-2019.py, 29] cross_path is config/cross.txt
[2019-04-09 13:30:49] INFO [main: CodeCraft-2019.py, 30] preset_answer_path is config/presetAnswer.txt
[2019-04-09 13:30:49] INFO [main: CodeCraft-2019.py, 31] answer_path is config/answer.txt
[2019-04-09 13:31:54] INFO [main: CodeCraft-2019.py, 27] car_path is config/car.txt
[2019-04-09 13:31:54] INFO [main: CodeCraft-2019.py, 28] road_path is config/road.txt
[2019-04-09 13:31:54] INFO [main: CodeCraft-2019.py, 29] cross_path is config/cross.txt
[2019-04-09 13:31:54] INFO [main: CodeCraft-2019.py, 30] preset_answer_path is config/presetAnswer.txt
[2019-04-09 13:31:54] INFO [main: CodeCraft-2019.py, 31] answer_path is config/answer.txt
[2019-04-09 13:35:56] INFO [main: CodeCraft-2019.py, 27] car_path is config/car.txt
[2019-04-09 13:35:56] INFO [main: CodeCraft-2019.py, 28] road_path is config/road.txt
[2019-04-09 13:35:56] INFO [main: CodeCraft-2019.py, 29] cross_path is config/cross.txt
[2019-04-09 13:35:56] INFO [main: CodeCraft-2019.py, 30] preset_answer_path is config/presetAnswer.txt
[2019-04-09 13:35:56] INFO [main: CodeCraft-2019.py, 31] answer_path is config/answer.txt
[2019-04-09 13:43:31] INFO [main: CodeCraft-2019.py, 27] car_path is config/car.txt
[2019-04-09 13:43:31] INFO [main: CodeCraft-2019.py, 28] road_path is config/road.txt
[2019-04-09 13:43:31] INFO [main: CodeCraft-2019.py, 29] cross_path is config/cross.txt
[2019-04-09 13:43:31] INFO [main: CodeCraft-2019.py, 30] preset_answer_path is config/presetAnswer.txt
[2019-04-09 13:43:31] INFO [main: CodeCraft-2019.py, 31] answer_path is config/answer.txt
[2019-04-09 13:51:13] INFO [main: CodeCraft-2019.py, 27] car_path is config/car.txt
[2019-04-09 13:51:13] INFO [main: CodeCraft-2019.py, 28] road_path is config/road.txt
[2019-04-09 13:51:13] INFO [main: CodeCraft-2019.py, 29] cross_path is config/cross.txt
[2019-04-09 13:51:13] INFO [main: CodeCraft-2019.py, 30] preset_answer_path is config/presetAnswer.txt
[2019-04-09 13:51:13] INFO [main: CodeCraft-2019.py, 31] answer_path is config/answer.txt
[2019-04-09 13:56:38] INFO [main: CodeCraft-2019.py, 27] car_path is config/car.txt
[2019-04-09 13:56:38] INFO [main: CodeCraft-2019.py, 28] road_path is config/road.txt
[2019-04-09 13:56:38] INFO [main: CodeCraft-2019.py, 29] cross_path is config/cross.txt
[2019-04-09 13:56:38] INFO [main: CodeCraft-2019.py, 30] preset_answer_path is config/presetAnswer.txt
[2019-04-09 13:56:38] INFO [main: CodeCraft-2019.py, 31] answer_path is config/answer.txt
[2019-04-09 13:57:13] INFO [main: CodeCraft-2019.py, 27] car_path is config/car.txt
[2019-04-09 13:57:13] INFO [main: CodeCraft-2019.py, 28] road_path is config/road.txt
[2019-04-09 13:57:13] INFO [main: CodeCraft-2019.py, 29] cross_path is config/cross.txt
[2019-04-09 13:57:13] INFO [main: CodeCraft-2019.py, 30] preset_answer_path is config/presetAnswer.txt
[2019-04-09 13:57:13] INFO [main: CodeCraft-2019.py, 31] answer_path is config/answer.txt
[2019-04-09 17:36:52] INFO [main: CodeCraft-2019.py, 27] car_path is config/car.txt
[2019-04-09 17:36:52] INFO [main: CodeCraft-2019.py, 28] road_path is config/road.txt
[2019-04-09 17:36:52] INFO [main: CodeCraft-2019.py, 29] cross_path is config/cross.txt
[2019-04-09 17:36:52] INFO [main: CodeCraft-2019.py, 30] preset_answer_path is config/presetAnswer.txt
[2019-04-09 17:36:52] INFO [main: CodeCraft-2019.py, 31] answer_path is config/answer.txt
[2019-04-09 17:37:27] INFO [main: CodeCraft-2019.py, 27] car_path is config/car.txt
[2019-04-09 17:37:27] INFO [main: CodeCraft-2019.py, 28] road_path is config/road.txt
[2019-04-09 17:37:27] INFO [main: CodeCraft-2019.py, 29] cross_path is config/cross.txt
[2019-04-09 17:37:27] INFO [main: CodeCraft-2019.py, 30] preset_answer_path is config/presetAnswer.txt
[2019-04-09 17:37:27] INFO [main: CodeCraft-2019.py, 31] answer_path is config/answer.txt
[2019-04-09 20:44:30] INFO [main: CodeCraft-2019.py, 27] car_path is config/car.txt
[2019-04-09 20:44:30] INFO [main: CodeCraft-2019.py, 28] road_path is config/road.txt
[2019-04-09 20:44:30] INFO [main: CodeCraft-2019.py, 29] cross_path is config/cross.txt
[2019-04-09 20:44:30] INFO [main: CodeCraft-2019.py, 30] preset_answer_path is config/presetAnswer.txt
[2019-04-09 20:44:30] INFO [main: CodeCraft-2019.py, 31] answer_path is config/answer.txt
[2019-04-09 20:44:54] INFO [main: CodeCraft-2019.py, 27] car_path is config/car.txt
[2019-04-09 20:44:54] INFO [main: CodeCraft-2019.py, 28] road_path is config/road.txt
[2019-04-09 20:44:54] INFO [main: CodeCraft-2019.py, 29] cross_path is config/cross.txt
[2019-04-09 20:44:54] INFO [main: CodeCraft-2019.py, 30] preset_answer_path is config/presetAnswer.txt
[2019-04-09 20:44:54] INFO [main: CodeCraft-2019.py, 31] answer_path is config/answer.txt
[2019-04-09 20:45:13] INFO [main: CodeCraft-2019.py, 27] car_path is config/car.txt
[2019-04-09 20:45:13] INFO [main: CodeCraft-2019.py, 28] road_path is config/road.txt
[2019-04-09 20:45:13] INFO [main: CodeCraft-2019.py, 29] cross_path is config/cross.txt
[2019-04-09 20:45:13] INFO [main: CodeCraft-2019.py, 30] preset_answer_path is config/presetAnswer.txt
[2019-04-09 20:45:13] INFO [main: CodeCraft-2019.py, 31] answer_path is config/answer.txt
[2019-04-09 20:45:38] INFO [main: CodeCraft-2019.py, 27] car_path is config/car.txt
[2019-04-09 20:45:38] INFO [main: CodeCraft-2019.py, 28] road_path is config/road.txt
[2019-04-09 20:45:38] INFO [main: CodeCraft-2019.py, 29] cross_path is config/cross.txt
[2019-04-09 20:45:38] INFO [main: CodeCraft-2019.py, 30] preset_answer_path is config/presetAnswer.txt
[2019-04-09 20:45:38] INFO [main: CodeCraft-2019.py, 31] answer_path is config/answer.txt
[2019-04-09 20:46:04] INFO [main: CodeCraft-2019.py, 27] car_path is config/car.txt
[2019-04-09 20:46:04] INFO [main: CodeCraft-2019.py, 28] road_path is config/road.txt
[2019-04-09 20:46:04] INFO [main: CodeCraft-2019.py, 29] cross_path is config/cross.txt
[2019-04-09 20:46:04] INFO [main: CodeCraft-2019.py, 30] preset_answer_path is config/presetAnswer.txt
[2019-04-09 20:46:04] INFO [main: CodeCraft-2019.py, 31] answer_path is config/answer.txt
[2019-04-09 20:46:48] INFO [main: CodeCraft-2019.py, 27] car_path is config/car.txt
[2019-04-09 20:46:48] INFO [main: CodeCraft-2019.py, 28] road_path is config/road.txt
[2019-04-09 20:46:48] INFO [main: CodeCraft-2019.py, 29] cross_path is config/cross.txt
[2019-04-09 20:46:48] INFO [main: CodeCraft-2019.py, 30] preset_answer_path is config/presetAnswer.txt
[2019-04-09 20:46:48] INFO [main: CodeCraft-2019.py, 31] answer_path is config/answer.txt
[2019-04-09 20:47:22] INFO [main: CodeCraft-2019.py, 27] car_path is config/car.txt
[2019-04-09 20:47:22] INFO [main: CodeCraft-2019.py, 28] road_path is config/road.txt
[2019-04-09 20:47:22] INFO [main: CodeCraft-2019.py, 29] cross_path is config/cross.txt
[2019-04-09 20:47:22] INFO [main: CodeCraft-2019.py, 30] preset_answer_path is config/presetAnswer.txt
[2019-04-09 20:47:22] INFO [main: CodeCraft-2019.py, 31] answer_path is config/answer.txt
[2019-04-09 20:47:58] INFO [main: CodeCraft-2019.py, 27] car_path is config/car.txt
[2019-04-09 20:47:58] INFO [main: CodeCraft-2019.py, 28] road_path is config/road.txt
[2019-04-09 20:47:58] INFO [main: CodeCraft-2019.py, 29] cross_path is config/cross.txt
[2019-04-09 20:47:58] INFO [main: CodeCraft-2019.py, 30] preset_answer_path is config/presetAnswer.txt
[2019-04-09 20:47:58] INFO [main: CodeCraft-2019.py, 31] answer_path is config/answer.txt
[2019-04-09 20:48:22] INFO [main: CodeCraft-2019.py, 27] car_path is config/car.txt
[2019-04-09 20:48:22] INFO [main: CodeCraft-2019.py, 28] road_path is config/road.txt
[2019-04-09 20:48:22] INFO [main: CodeCraft-2019.py, 29] cross_path is config/cross.txt
[2019-04-09 20:48:22] INFO [main: CodeCraft-2019.py, 30] preset_answer_path is config/presetAnswer.txt
[2019-04-09 20:48:22] INFO [main: CodeCraft-2019.py, 31] answer_path is config/answer.txt
[2019-04-09 20:48:38] INFO [main: CodeCraft-2019.py, 27] car_path is config/car.txt
[2019-04-09 20:48:38] INFO [main: CodeCraft-2019.py, 28] road_path is config/road.txt
[2019-04-09 20:48:38] INFO [main: CodeCraft-2019.py, 29] cross_path is config/cross.txt
[2019-04-09 20:48:38] INFO [main: CodeCraft-2019.py, 30] preset_answer_path is config/presetAnswer.txt
[2019-04-09 20:48:38] INFO [main: CodeCraft-2019.py, 31] answer_path is config/answer.txt
[2019-04-09 20:49:16] INFO [main: CodeCraft-2019.py, 27] car_path is config/car.txt
[2019-04-09 20:49:16] INFO [main: CodeCraft-2019.py, 28] road_path is config/road.txt
[2019-04-09 20:49:16] INFO [main: CodeCraft-2019.py, 29] cross_path is config/cross.txt
[2019-04-09 20:49:16] INFO [main: CodeCraft-2019.py, 30] preset_answer_path is config/presetAnswer.txt
[2019-04-09 20:49:16] INFO [main: CodeCraft-2019.py, 31] answer_path is config/answer.txt
[2019-04-09 20:49:41] INFO [main: CodeCraft-2019.py, 27] car_path is config/car.txt
[2019-04-09 20:49:41] INFO [main: CodeCraft-2019.py, 28] road_path is config/road.txt
[2019-04-09 20:49:41] INFO [main: CodeCraft-2019.py, 29] cross_path is config/cross.txt
[2019-04-09 20:49:41] INFO [main: CodeCraft-2019.py, 30] preset_answer_path is config/presetAnswer.txt
[2019-04-09 20:49:41] INFO [main: CodeCraft-2019.py, 31] answer_path is config/answer.txt
[2019-04-09 20:50:00] INFO [main: CodeCraft-2019.py, 27] car_path is config/car.txt
[2019-04-09 20:50:00] INFO [main: CodeCraft-2019.py, 28] road_path is config/road.txt
[2019-04-09 20:50:00] INFO [main: CodeCraft-2019.py, 29] cross_path is config/cross.txt
[2019-04-09 20:50:00] INFO [main: CodeCraft-2019.py, 30] preset_answer_path is config/presetAnswer.txt
[2019-04-09 20:50:00] INFO [main: CodeCraft-2019.py, 31] answer_path is config/answer.txt
[2019-04-09 20:50:29] INFO [main: CodeCraft-2019.py, 27] car_path is config/car.txt
[2019-04-09 20:50:29] INFO [main: CodeCraft-2019.py, 28] road_path is config/road.txt
[2019-04-09 20:50:29] INFO [main: CodeCraft-2019.py, 29] cross_path is config/cross.txt
[2019-04-09 20:50:29] INFO [main: CodeCraft-2019.py, 30] preset_answer_path is config/presetAnswer.txt
[2019-04-09 20:50:29] INFO [main: CodeCraft-2019.py, 31] answer_path is config/answer.txt
[2019-04-09 20:51:01] INFO [main: CodeCraft-2019.py, 27] car_path is config/car.txt
[2019-04-09 20:51:01] INFO [main: CodeCraft-2019.py, 28] road_path is config/road.txt
[2019-04-09 20:51:01] INFO [main: CodeCraft-2019.py, 29] cross_path is config/cross.txt
[2019-04-09 20:51:01] INFO [main: CodeCraft-2019.py, 30] preset_answer_path is config/presetAnswer.txt
[2019-04-09 20:51:01] INFO [main: CodeCraft-2019.py, 31] answer_path is config/answer.txt
[2019-04-09 20:51:24] INFO [main: CodeCraft-2019.py, 27] car_path is config/car.txt
[2019-04-09 20:51:24] INFO [main: CodeCraft-2019.py, 28] road_path is config/road.txt
[2019-04-09 20:51:24] INFO [main: CodeCraft-2019.py, 29] cross_path is config/cross.txt
[2019-04-09 20:51:24] INFO [main: CodeCraft-2019.py, 30] preset_answer_path is config/presetAnswer.txt
[2019-04-09 20:51:24] INFO [main: CodeCraft-2019.py, 31] answer_path is config/answer.txt
[2019-04-09 20:52:02] INFO [main: CodeCraft-2019.py, 27] car_path is config/car.txt
[2019-04-09 20:52:02] INFO [main: CodeCraft-2019.py, 28] road_path is config/road.txt
[2019-04-09 20:52:02] INFO [main: CodeCraft-2019.py, 29] cross_path is config/cross.txt
[2019-04-09 20:52:02] INFO [main: CodeCraft-2019.py, 30] preset_answer_path is config/presetAnswer.txt
[2019-04-09 20:52:02] INFO [main: CodeCraft-2019.py, 31] answer_path is config/answer.txt
[2019-04-09 20:52:32] INFO [main: CodeCraft-2019.py, 27] car_path is config/car.txt
[2019-04-09 20:52:32] INFO [main: CodeCraft-2019.py, 28] road_path is config/road.txt
[2019-04-09 20:52:32] INFO [main: CodeCraft-2019.py, 29] cross_path is config/cross.txt
[2019-04-09 20:52:32] INFO [main: CodeCraft-2019.py, 30] preset_answer_path is config/presetAnswer.txt
[2019-04-09 20:52:32] INFO [main: CodeCraft-2019.py, 31] answer_path is config/answer.txt
[2019-04-09 20:57:31] INFO [main: CodeCraft-2019.py, 27] car_path is config/car.txt
[2019-04-09 20:57:31] INFO [main: CodeCraft-2019.py, 28] road_path is config/road.txt
[2019-04-09 20:57:31] INFO [main: CodeCraft-2019.py, 29] cross_path is config/cross.txt
[2019-04-09 20:57:31] INFO [main: CodeCraft-2019.py, 30] preset_answer_path is config/presetAnswer.txt
[2019-04-09 20:57:31] INFO [main: CodeCraft-2019.py, 31] answer_path is config/answer.txt
[2019-04-09 20:59:00] INFO [main: CodeCraft-2019.py, 27] car_path is config/car.txt
[2019-04-09 20:59:00] INFO [main: CodeCraft-2019.py, 28] road_path is config/road.txt
[2019-04-09 20:59:00] INFO [main: CodeCraft-2019.py, 29] cross_path is config/cross.txt
[2019-04-09 20:59:00] INFO [main: CodeCraft-2019.py, 30] preset_answer_path is config/presetAnswer.txt
[2019-04-09 20:59:00] INFO [main: CodeCraft-2019.py, 31] answer_path is config/answer.txt
[2019-04-09 20:59:06] INFO [main: CodeCraft-2019.py, 27] car_path is config/car.txt
[2019-04-09 20:59:06] INFO [main: CodeCraft-2019.py, 28] road_path is config/road.txt
[2019-04-09 20:59:06] INFO [main: CodeCraft-2019.py, 29] cross_path is config/cross.txt
[2019-04-09 20:59:06] INFO [main: CodeCraft-2019.py, 30] preset_answer_path is config/presetAnswer.txt
[2019-04-09 20:59:06] INFO [main: CodeCraft-2019.py, 31] answer_path is config/answer.txt
[2019-04-09 21:08:31] INFO [main: CodeCraft-2019.py, 27] car_path is config/car.txt
[2019-04-09 21:08:31] INFO [main: CodeCraft-2019.py, 28] road_path is config/road.txt
[2019-04-09 21:08:31] INFO [main: CodeCraft-2019.py, 29] cross_path is config/cross.txt
[2019-04-09 21:08:31] INFO [main: CodeCraft-2019.py, 30] preset_answer_path is config/presetAnswer.txt
[2019-04-09 21:08:31] INFO [main: CodeCraft-2019.py, 31] answer_path is config/answer.txt
[2019-04-09 21:27:42] INFO [main: CodeCraft-2019.py, 27] car_path is config/car.txt
[2019-04-09 21:27:42] INFO [main: CodeCraft-2019.py, 28] road_path is config/road.txt
[2019-04-09 21:27:42] INFO [main: CodeCraft-2019.py, 29] cross_path is config/cross.txt
[2019-04-09 21:27:42] INFO [main: CodeCraft-2019.py, 30] preset_answer_path is config/presetAnswer.txt
[2019-04-09 21:27:42] INFO [main: CodeCraft-2019.py, 31] answer_path is config/answer.txt
[2019-04-10 12:06:46] INFO [main: CodeCraft-2019.py, 27] car_path is config/car.txt
[2019-04-10 12:06:46] INFO [main: CodeCraft-2019.py, 28] road_path is config/road.txt
[2019-04-10 12:06:46] INFO [main: CodeCraft-2019.py, 29] cross_path is config/cross.txt
[2019-04-10 12:06:46] INFO [main: CodeCraft-2019.py, 30] preset_answer_path is config/presetAnswer.txt
[2019-04-10 12:06:46] INFO [main: CodeCraft-2019.py, 31] answer_path is config/answer.txt
[2019-04-10 12:07:28] INFO [main: CodeCraft-2019.py, 27] car_path is config/car.txt
[2019-04-10 12:07:28] INFO [main: CodeCraft-2019.py, 28] road_path is config/road.txt
[2019-04-10 12:07:28] INFO [main: CodeCraft-2019.py, 29] cross_path is config/cross.txt
[2019-04-10 12:07:28] INFO [main: CodeCraft-2019.py, 30] preset_answer_path is config/presetAnswer.txt
[2019-04-10 12:07:28] INFO [main: CodeCraft-2019.py, 31] answer_path is config/answer.txt
[2019-04-10 12:07:54] INFO [main: CodeCraft-2019.py, 27] car_path is config/car.txt
[2019-04-10 12:07:54] INFO [main: CodeCraft-2019.py, 28] road_path is config/road.txt
[2019-04-10 12:07:54] INFO [main: CodeCraft-2019.py, 29] cross_path is config/cross.txt
[2019-04-10 12:07:54] INFO [main: CodeCraft-2019.py, 30] preset_answer_path is config/presetAnswer.txt
[2019-04-10 12:07:54] INFO [main: CodeCraft-2019.py, 31] answer_path is config/answer.txt
[2019-04-10 12:08:04] INFO [main: CodeCraft-2019.py, 27] car_path is config/car.txt
[2019-04-10 12:08:04] INFO [main: CodeCraft-2019.py, 28] road_path is config/road.txt
[2019-04-10 12:08:04] INFO [main: CodeCraft-2019.py, 29] cross_path is config/cross.txt
[2019-04-10 12:08:04] INFO [main: CodeCraft-2019.py, 30] preset_answer_path is config/presetAnswer.txt
[2019-04-10 12:08:04] INFO [main: CodeCraft-2019.py, 31] answer_path is config/answer.txt
[2019-04-10 13:46:56] INFO [main: CodeCraft-2019.py, 27] car_path is config/car.txt
[2019-04-10 13:46:56] INFO [main: CodeCraft-2019.py, 28] road_path is config/road.txt
[2019-04-10 13:46:56] INFO [main: CodeCraft-2019.py, 29] cross_path is config/cross.txt
[2019-04-10 13:46:56] INFO [main: CodeCraft-2019.py, 30] preset_answer_path is config/presetAnswer.txt
[2019-04-10 13:46:56] INFO [main: CodeCraft-2019.py, 31] answer_path is config/answer.txt
[2019-04-10 16:14:28] INFO [main: CodeCraft-2019.py, 27] car_path is config/car.txt
[2019-04-10 16:14:28] INFO [main: CodeCraft-2019.py, 28] road_path is config/road.txt
[2019-04-10 16:14:28] INFO [main: CodeCraft-2019.py, 29] cross_path is config/cross.txt
[2019-04-10 16:14:28] INFO [main: CodeCraft-2019.py, 30] preset_answer_path is config/presetAnswer.txt
[2019-04-10 16:14:28] INFO [main: CodeCraft-2019.py, 31] answer_path is config/answer.txt
[2019-04-10 16:16:28] INFO [main: CodeCraft-2019.py, 27] car_path is config/car.txt
[2019-04-10 16:16:28] INFO [main: CodeCraft-2019.py, 28] road_path is config/road.txt
[2019-04-10 16:16:28] INFO [main: CodeCraft-2019.py, 29] cross_path is config/cross.txt
[2019-04-10 16:16:28] INFO [main: CodeCraft-2019.py, 30] preset_answer_path is config/presetAnswer.txt
[2019-04-10 16:16:28] INFO [main: CodeCraft-2019.py, 31] answer_path is config/answer.txt
[2019-04-10 16:16:51] INFO [main: CodeCraft-2019.py, 27] car_path is config/car.txt
[2019-04-10 16:16:51] INFO [main: CodeCraft-2019.py, 28] road_path is config/road.txt
[2019-04-10 16:16:51] INFO [main: CodeCraft-2019.py, 29] cross_path is config/cross.txt
[2019-04-10 16:16:51] INFO [main: CodeCraft-2019.py, 30] preset_answer_path is config/presetAnswer.txt
[2019-04-10 16:16:51] INFO [main: CodeCraft-2019.py, 31] answer_path is config/answer.txt
[2019-04-10 16:17:05] INFO [main: CodeCraft-2019.py, 27] car_path is config/car.txt
[2019-04-10 16:17:05] INFO [main: CodeCraft-2019.py, 28] road_path is config/road.txt
[2019-04-10 16:17:05] INFO [main: CodeCraft-2019.py, 29] cross_path is config/cross.txt
[2019-04-10 16:17:05] INFO [main: CodeCraft-2019.py, 30] preset_answer_path is config/presetAnswer.txt
[2019-04-10 16:17:05] INFO [main: CodeCraft-2019.py, 31] answer_path is config/answer.txt
[2019-04-10 16:23:27] INFO [main: CodeCraft-2019.py, 27] car_path is config/car.txt
[2019-04-10 16:23:27] INFO [main: CodeCraft-2019.py, 28] road_path is config/road.txt
[2019-04-10 16:23:27] INFO [main: CodeCraft-2019.py, 29] cross_path is config/cross.txt
[2019-04-10 16:23:27] INFO [main: CodeCraft-2019.py, 30] preset_answer_path is config/presetAnswer.txt
[2019-04-10 16:23:27] INFO [main: CodeCraft-2019.py, 31] answer_path is config/answer.txt
[2019-04-10 16:23:38] INFO [main: CodeCraft-2019.py, 27] car_path is config/car.txt
[2019-04-10 16:23:38] INFO [main: CodeCraft-2019.py, 28] road_path is config/road.txt
[2019-04-10 16:23:38] INFO [main: CodeCraft-2019.py, 29] cross_path is config/cross.txt
[2019-04-10 16:23:38] INFO [main: CodeCraft-2019.py, 30] preset_answer_path is config/presetAnswer.txt
[2019-04-10 16:23:38] INFO [main: CodeCraft-2019.py, 31] answer_path is config/answer.txt
[2019-04-10 16:24:20] INFO [main: CodeCraft-2019.py, 27] car_path is config/car.txt
[2019-04-10 16:24:20] INFO [main: CodeCraft-2019.py, 28] road_path is config/road.txt
[2019-04-10 16:24:20] INFO [main: CodeCraft-2019.py, 29] cross_path is config/cross.txt
[2019-04-10 16:24:20] INFO [main: CodeCraft-2019.py, 30] preset_answer_path is config/presetAnswer.txt
[2019-04-10 16:24:20] INFO [main: CodeCraft-2019.py, 31] answer_path is config/answer.txt
[2019-04-10 16:24:43] INFO [main: CodeCraft-2019.py, 27] car_path is config/car.txt
[2019-04-10 16:24:43] INFO [main: CodeCraft-2019.py, 28] road_path is config/road.txt
[2019-04-10 16:24:43] INFO [main: CodeCraft-2019.py, 29] cross_path is config/cross.txt
[2019-04-10 16:24:43] INFO [main: CodeCraft-2019.py, 30] preset_answer_path is config/presetAnswer.txt
[2019-04-10 16:24:43] INFO [main: CodeCraft-2019.py, 31] answer_path is config/answer.txt
[2019-04-10 16:25:09] INFO [main: CodeCraft-2019.py, 27] car_path is config/car.txt
[2019-04-10 16:25:09] INFO [main: CodeCraft-2019.py, 28] road_path is config/road.txt
[2019-04-10 16:25:09] INFO [main: CodeCraft-2019.py, 29] cross_path is config/cross.txt
[2019-04-10 16:25:09] INFO [main: CodeCraft-2019.py, 30] preset_answer_path is config/presetAnswer.txt
[2019-04-10 16:25:09] INFO [main: CodeCraft-2019.py, 31] answer_path is config/answer.txt
[2019-04-10 16:34:02] INFO [main: CodeCraft-2019.py, 27] car_path is config/car.txt
[2019-04-10 16:34:02] INFO [main: CodeCraft-2019.py, 28] road_path is config/road.txt
[2019-04-10 16:34:02] INFO [main: CodeCraft-2019.py, 29] cross_path is config/cross.txt
[2019-04-10 16:34:02] INFO [main: CodeCraft-2019.py, 30] preset_answer_path is config/presetAnswer.txt
[2019-04-10 16:34:02] INFO [main: CodeCraft-2019.py, 31] answer_path is config/answer.txt
[2019-04-10 16:42:42] INFO [main: CodeCraft-2019.py, 27] car_path is config/car.txt
[2019-04-10 16:42:42] INFO [main: CodeCraft-2019.py, 28] road_path is config/road.txt
[2019-04-10 16:42:42] INFO [main: CodeCraft-2019.py, 29] cross_path is config/cross.txt
[2019-04-10 16:42:42] INFO [main: CodeCraft-2019.py, 30] preset_answer_path is config/presetAnswer.txt
[2019-04-10 16:42:42] INFO [main: CodeCraft-2019.py, 31] answer_path is config/answer.txt
[2019-04-10 16:42:46] INFO [main: CodeCraft-2019.py, 27] car_path is config/car.txt
[2019-04-10 16:42:46] INFO [main: CodeCraft-2019.py, 28] road_path is config/road.txt
[2019-04-10 16:42:46] INFO [main: CodeCraft-2019.py, 29] cross_path is config/cross.txt
[2019-04-10 16:42:46] INFO [main: CodeCraft-2019.py, 30] preset_answer_path is config/presetAnswer.txt
[2019-04-10 16:42:46] INFO [main: CodeCraft-2019.py, 31] answer_path is config/answer.txt
[2019-04-10 16:58:48] INFO [main: CodeCraft-2019.py, 27] car_path is config/car.txt
[2019-04-10 16:58:48] INFO [main: CodeCraft-2019.py, 28] road_path is config/road.txt
[2019-04-10 16:58:48] INFO [main: CodeCraft-2019.py, 29] cross_path is config/cross.txt
[2019-04-10 16:58:48] INFO [main: CodeCraft-2019.py, 30] preset_answer_path is config/presetAnswer.txt
[2019-04-10 16:58:48] INFO [main: CodeCraft-2019.py, 31] answer_path is config/answer.txt
[2019-04-10 17:01:33] INFO [main: CodeCraft-2019.py, 27] car_path is config/car.txt
[2019-04-10 17:01:33] INFO [main: CodeCraft-2019.py, 28] road_path is config/road.txt
[2019-04-10 17:01:33] INFO [main: CodeCraft-2019.py, 29] cross_path is config/cross.txt
[2019-04-10 17:01:33] INFO [main: CodeCraft-2019.py, 30] preset_answer_path is config/presetAnswer.txt
[2019-04-10 17:01:33] INFO [main: CodeCraft-2019.py, 31] answer_path is config/answer.txt
[2019-04-10 17:14:28] INFO [main: CodeCraft-2019.py, 27] car_path is config/car.txt
[2019-04-10 17:14:28] INFO [main: CodeCraft-2019.py, 28] road_path is config/road.txt
[2019-04-10 17:14:28] INFO [main: CodeCraft-2019.py, 29] cross_path is config/cross.txt
[2019-04-10 17:14:28] INFO [main: CodeCraft-2019.py, 30] preset_answer_path is config/presetAnswer.txt
[2019-04-10 17:14:28] INFO [main: CodeCraft-2019.py, 31] answer_path is config/answer.txt
[2019-04-10 17:14:51] INFO [main: CodeCraft-2019.py, 27] car_path is config/car.txt
[2019-04-10 17:14:51] INFO [main: CodeCraft-2019.py, 28] road_path is config/road.txt
[2019-04-10 17:14:51] INFO [main: CodeCraft-2019.py, 29] cross_path is config/cross.txt
[2019-04-10 17:14:51] INFO [main: CodeCraft-2019.py, 30] preset_answer_path is config/presetAnswer.txt
[2019-04-10 17:14:51] INFO [main: CodeCraft-2019.py, 31] answer_path is config/answer.txt
[2019-04-10 17:15:12] INFO [main: CodeCraft-2019.py, 27] car_path is config/car.txt
[2019-04-10 17:15:12] INFO [main: CodeCraft-2019.py, 28] road_path is config/road.txt
[2019-04-10 17:15:12] INFO [main: CodeCraft-2019.py, 29] cross_path is config/cross.txt
[2019-04-10 17:15:12] INFO [main: CodeCraft-2019.py, 30] preset_answer_path is config/presetAnswer.txt
[2019-04-10 17:15:12] INFO [main: CodeCraft-2019.py, 31] answer_path is config/answer.txt
[2019-04-10 17:15:57] INFO [main: CodeCraft-2019.py, 27] car_path is config/car.txt
[2019-04-10 17:15:57] INFO [main: CodeCraft-2019.py, 28] road_path is config/road.txt
[2019-04-10 17:15:57] INFO [main: CodeCraft-2019.py, 29] cross_path is config/cross.txt
[2019-04-10 17:15:57] INFO [main: CodeCraft-2019.py, 30] preset_answer_path is config/presetAnswer.txt
[2019-04-10 17:15:57] INFO [main: CodeCraft-2019.py, 31] answer_path is config/answer.txt
[2019-04-10 17:16:29] INFO [main: CodeCraft-2019.py, 27] car_path is config/car.txt
[2019-04-10 17:16:29] INFO [main: CodeCraft-2019.py, 28] road_path is config/road.txt
[2019-04-10 17:16:29] INFO [main: CodeCraft-2019.py, 29] cross_path is config/cross.txt
[2019-04-10 17:16:29] INFO [main: CodeCraft-2019.py, 30] preset_answer_path is config/presetAnswer.txt
[2019-04-10 17:16:29] INFO [main: CodeCraft-2019.py, 31] answer_path is config/answer.txt
[2019-04-10 17:17:38] INFO [main: CodeCraft-2019.py, 27] car_path is config/car.txt
[2019-04-10 17:17:38] INFO [main: CodeCraft-2019.py, 28] road_path is config/road.txt
[2019-04-10 17:17:38] INFO [main: CodeCraft-2019.py, 29] cross_path is config/cross.txt
[2019-04-10 17:17:38] INFO [main: CodeCraft-2019.py, 30] preset_answer_path is config/presetAnswer.txt
[2019-04-10 17:17:38] INFO [main: CodeCraft-2019.py, 31] answer_path is config/answer.txt
[2019-04-10 17:17:54] INFO [main: CodeCraft-2019.py, 27] car_path is config/car.txt
[2019-04-10 17:17:54] INFO [main: CodeCraft-2019.py, 28] road_path is config/road.txt
[2019-04-10 17:17:54] INFO [main: CodeCraft-2019.py, 29] cross_path is config/cross.txt
[2019-04-10 17:17:54] INFO [main: CodeCraft-2019.py, 30] preset_answer_path is config/presetAnswer.txt
[2019-04-10 17:17:54] INFO [main: CodeCraft-2019.py, 31] answer_path is config/answer.txt
[2019-04-10 17:18:30] INFO [main: CodeCraft-2019.py, 27] car_path is config/car.txt
[2019-04-10 17:18:30] INFO [main: CodeCraft-2019.py, 28] road_path is config/road.txt
[2019-04-10 17:18:30] INFO [main: CodeCraft-2019.py, 29] cross_path is config/cross.txt
[2019-04-10 17:18:30] INFO [main: CodeCraft-2019.py, 30] preset_answer_path is config/presetAnswer.txt
[2019-04-10 17:18:30] INFO [main: CodeCraft-2019.py, 31] answer_path is config/answer.txt
[2019-04-10 17:45:49] INFO [main: CodeCraft-2019.py, 27] car_path is config/car.txt
[2019-04-10 17:45:49] INFO [main: CodeCraft-2019.py, 28] road_path is config/road.txt
[2019-04-10 17:45:49] INFO [main: CodeCraft-2019.py, 29] cross_path is config/cross.txt
[2019-04-10 17:45:49] INFO [main: CodeCraft-2019.py, 30] preset_answer_path is config/presetAnswer.txt
[2019-04-10 17:45:49] INFO [main: CodeCraft-2019.py, 31] answer_path is config/answer.txt
[2019-04-10 18:24:21] INFO [main: CodeCraft-2019.py, 27] car_path is config/car.txt
[2019-04-10 18:24:21] INFO [main: CodeCraft-2019.py, 28] road_path is config/road.txt
[2019-04-10 18:24:21] INFO [main: CodeCraft-2019.py, 29] cross_path is config/cross.txt
[2019-04-10 18:24:21] INFO [main: CodeCraft-2019.py, 30] preset_answer_path is config/presetAnswer.txt
[2019-04-10 18:24:21] INFO [main: CodeCraft-2019.py, 31] answer_path is config/answer.txt
[2019-04-10 18:24:45] INFO [main: CodeCraft-2019.py, 27] car_path is config/car.txt
[2019-04-10 18:24:45] INFO [main: CodeCraft-2019.py, 28] road_path is config/road.txt
[2019-04-10 18:24:45] INFO [main: CodeCraft-2019.py, 29] cross_path is config/cross.txt
[2019-04-10 18:24:45] INFO [main: CodeCraft-2019.py, 30] preset_answer_path is config/presetAnswer.txt
[2019-04-10 18:24:45] INFO [main: CodeCraft-2019.py, 31] answer_path is config/answer.txt
[2019-04-10 18:25:00] INFO [main: CodeCraft-2019.py, 27] car_path is config/car.txt
[2019-04-10 18:25:00] INFO [main: CodeCraft-2019.py, 28] road_path is config/road.txt
[2019-04-10 18:25:00] INFO [main: CodeCraft-2019.py, 29] cross_path is config/cross.txt
[2019-04-10 18:25:00] INFO [main: CodeCraft-2019.py, 30] preset_answer_path is config/presetAnswer.txt
[2019-04-10 18:25:00] INFO [main: CodeCraft-2019.py, 31] answer_path is config/answer.txt
[2019-04-10 18:30:32] INFO [main: CodeCraft-2019.py, 27] car_path is config/car.txt
[2019-04-10 18:30:32] INFO [main: CodeCraft-2019.py, 28] road_path is config/road.txt
[2019-04-10 18:30:32] INFO [main: CodeCraft-2019.py, 29] cross_path is config/cross.txt
[2019-04-10 18:30:32] INFO [main: CodeCraft-2019.py, 30] preset_answer_path is config/presetAnswer.txt
[2019-04-10 18:30:32] INFO [main: CodeCraft-2019.py, 31] answer_path is config/answer.txt
[2019-04-10 18:30:41] INFO [main: CodeCraft-2019.py, 27] car_path is config/car.txt
[2019-04-10 18:30:41] INFO [main: CodeCraft-2019.py, 28] road_path is config/road.txt
[2019-04-10 18:30:41] INFO [main: CodeCraft-2019.py, 29] cross_path is config/cross.txt
[2019-04-10 18:30:41] INFO [main: CodeCraft-2019.py, 30] preset_answer_path is config/presetAnswer.txt
[2019-04-10 18:30:41] INFO [main: CodeCraft-2019.py, 31] answer_path is config/answer.txt
[2019-04-10 18:31:10] INFO [main: CodeCraft-2019.py, 27] car_path is config/car.txt
[2019-04-10 18:31:10] INFO [main: CodeCraft-2019.py, 28] road_path is config/road.txt
[2019-04-10 18:31:10] INFO [main: CodeCraft-2019.py, 29] cross_path is config/cross.txt
[2019-04-10 18:31:10] INFO [main: CodeCraft-2019.py, 30] preset_answer_path is config/presetAnswer.txt
[2019-04-10 18:31:10] INFO [main: CodeCraft-2019.py, 31] answer_path is config/answer.txt
[2019-04-10 18:31:21] INFO [main: CodeCraft-2019.py, 27] car_path is config/car.txt
[2019-04-10 18:31:21] INFO [main: CodeCraft-2019.py, 28] road_path is config/road.txt
[2019-04-10 18:31:21] INFO [main: CodeCraft-2019.py, 29] cross_path is config/cross.txt
[2019-04-10 18:31:21] INFO [main: CodeCraft-2019.py, 30] preset_answer_path is config/presetAnswer.txt
[2019-04-10 18:31:21] INFO [main: CodeCraft-2019.py, 31] answer_path is config/answer.txt
[2019-04-10 18:31:32] INFO [main: CodeCraft-2019.py, 27] car_path is config/car.txt
[2019-04-10 18:31:32] INFO [main: CodeCraft-2019.py, 28] road_path is config/road.txt
[2019-04-10 18:31:32] INFO [main: CodeCraft-2019.py, 29] cross_path is config/cross.txt
[2019-04-10 18:31:32] INFO [main: CodeCraft-2019.py, 30] preset_answer_path is config/presetAnswer.txt
[2019-04-10 18:31:32] INFO [main: CodeCraft-2019.py, 31] answer_path is config/answer.txt
[2019-04-10 18:31:44] INFO [main: CodeCraft-2019.py, 27] car_path is config/car.txt
[2019-04-10 18:31:44] INFO [main: CodeCraft-2019.py, 28] road_path is config/road.txt
[2019-04-10 18:31:44] INFO [main: CodeCraft-2019.py, 29] cross_path is config/cross.txt
[2019-04-10 18:31:44] INFO [main: CodeCraft-2019.py, 30] preset_answer_path is config/presetAnswer.txt
[2019-04-10 18:31:44] INFO [main: CodeCraft-2019.py, 31] answer_path is config/answer.txt
[2019-04-10 18:33:15] INFO [main: CodeCraft-2019.py, 27] car_path is config/car.txt
[2019-04-10 18:33:15] INFO [main: CodeCraft-2019.py, 28] road_path is config/road.txt
[2019-04-10 18:33:15] INFO [main: CodeCraft-2019.py, 29] cross_path is config/cross.txt
[2019-04-10 18:33:15] INFO [main: CodeCraft-2019.py, 30] preset_answer_path is config/presetAnswer.txt
[2019-04-10 18:33:15] INFO [main: CodeCraft-2019.py, 31] answer_path is config/answer.txt
[2019-04-10 18:33:34] INFO [main: CodeCraft-2019.py, 27] car_path is config/car.txt
[2019-04-10 18:33:34] INFO [main: CodeCraft-2019.py, 28] road_path is config/road.txt
[2019-04-10 18:33:34] INFO [main: CodeCraft-2019.py, 29] cross_path is config/cross.txt
[2019-04-10 18:33:34] INFO [main: CodeCraft-2019.py, 30] preset_answer_path is config/presetAnswer.txt
[2019-04-10 18:33:34] INFO [main: CodeCraft-2019.py, 31] answer_path is config/answer.txt
[2019-04-10 18:33:53] INFO [main: CodeCraft-2019.py, 27] car_path is config/car.txt
[2019-04-10 18:33:53] INFO [main: CodeCraft-2019.py, 28] road_path is config/road.txt
[2019-04-10 18:33:53] INFO [main: CodeCraft-2019.py, 29] cross_path is config/cross.txt
[2019-04-10 18:33:53] INFO [main: CodeCraft-2019.py, 30] preset_answer_path is config/presetAnswer.txt
[2019-04-10 18:33:53] INFO [main: CodeCraft-2019.py, 31] answer_path is config/answer.txt
[2019-04-10 18:35:09] INFO [main: CodeCraft-2019.py, 27] car_path is config/car.txt
[2019-04-10 18:35:09] INFO [main: CodeCraft-2019.py, 28] road_path is config/road.txt
[2019-04-10 18:35:09] INFO [main: CodeCraft-2019.py, 29] cross_path is config/cross.txt
[2019-04-10 18:35:09] INFO [main: CodeCraft-2019.py, 30] preset_answer_path is config/presetAnswer.txt
[2019-04-10 18:35:09] INFO [main: CodeCraft-2019.py, 31] answer_path is config/answer.txt
[2019-04-10 18:35:46] INFO [main: CodeCraft-2019.py, 27] car_path is config/car.txt
[2019-04-10 18:35:46] INFO [main: CodeCraft-2019.py, 28] road_path is config/road.txt
[2019-04-10 18:35:46] INFO [main: CodeCraft-2019.py, 29] cross_path is config/cross.txt
[2019-04-10 18:35:46] INFO [main: CodeCraft-2019.py, 30] preset_answer_path is config/presetAnswer.txt
[2019-04-10 18:35:46] INFO [main: CodeCraft-2019.py, 31] answer_path is config/answer.txt
[2019-04-10 18:35:59] INFO [main: CodeCraft-2019.py, 27] car_path is config/car.txt
[2019-04-10 18:35:59] INFO [main: CodeCraft-2019.py, 28] road_path is config/road.txt
[2019-04-10 18:35:59] INFO [main: CodeCraft-2019.py, 29] cross_path is config/cross.txt
[2019-04-10 18:35:59] INFO [main: CodeCraft-2019.py, 30] preset_answer_path is config/presetAnswer.txt
[2019-04-10 18:35:59] INFO [main: CodeCraft-2019.py, 31] answer_path is config/answer.txt
[2019-04-10 18:36:18] INFO [main: CodeCraft-2019.py, 27] car_path is config/car.txt
[2019-04-10 18:36:18] INFO [main: CodeCraft-2019.py, 28] road_path is config/road.txt
[2019-04-10 18:36:18] INFO [main: CodeCraft-2019.py, 29] cross_path is config/cross.txt
[2019-04-10 18:36:18] INFO [main: CodeCraft-2019.py, 30] preset_answer_path is config/presetAnswer.txt
[2019-04-10 18:36:18] INFO [main: CodeCraft-2019.py, 31] answer_path is config/answer.txt
[2019-04-10 18:36:47] INFO [main: CodeCraft-2019.py, 27] car_path is config/car.txt
[2019-04-10 18:36:47] INFO [main: CodeCraft-2019.py, 28] road_path is config/road.txt
[2019-04-10 18:36:47] INFO [main: CodeCraft-2019.py, 29] cross_path is config/cross.txt
[2019-04-10 18:36:47] INFO [main: CodeCraft-2019.py, 30] preset_answer_path is config/presetAnswer.txt
[2019-04-10 18:36:47] INFO [main: CodeCraft-2019.py, 31] answer_path is config/answer.txt
[2019-04-10 20:33:18] INFO [main: CodeCraft-2019.py, 27] car_path is config/car.txt
[2019-04-10 20:33:18] INFO [main: CodeCraft-2019.py, 28] road_path is config/road.txt
[2019-04-10 20:33:18] INFO [main: CodeCraft-2019.py, 29] cross_path is config/cross.txt
[2019-04-10 20:33:18] INFO [main: CodeCraft-2019.py, 30] preset_answer_path is config/presetAnswer.txt
[2019-04-10 20:33:18] INFO [main: CodeCraft-2019.py, 31] answer_path is config/answer.txt
[2019-04-10 20:33:43] INFO [main: CodeCraft-2019.py, 27] car_path is config/car.txt
[2019-04-10 20:33:43] INFO [main: CodeCraft-2019.py, 28] road_path is config/road.txt
[2019-04-10 20:33:43] INFO [main: CodeCraft-2019.py, 29] cross_path is config/cross.txt
[2019-04-10 20:33:43] INFO [main: CodeCraft-2019.py, 30] preset_answer_path is config/presetAnswer.txt
[2019-04-10 20:33:43] INFO [main: CodeCraft-2019.py, 31] answer_path is config/answer.txt
[2019-04-10 20:33:54] INFO [main: CodeCraft-2019.py, 27] car_path is config/car.txt
[2019-04-10 20:33:54] INFO [main: CodeCraft-2019.py, 28] road_path is config/road.txt
[2019-04-10 20:33:54] INFO [main: CodeCraft-2019.py, 29] cross_path is config/cross.txt
[2019-04-10 20:33:54] INFO [main: CodeCraft-2019.py, 30] preset_answer_path is config/presetAnswer.txt
[2019-04-10 20:33:54] INFO [main: CodeCraft-2019.py, 31] answer_path is config/answer.txt
[2019-04-10 20:35:00] INFO [main: CodeCraft-2019.py, 27] car_path is config/car.txt
[2019-04-10 20:35:00] INFO [main: CodeCraft-2019.py, 28] road_path is config/road.txt
[2019-04-10 20:35:00] INFO [main: CodeCraft-2019.py, 29] cross_path is config/cross.txt
[2019-04-10 20:35:00] INFO [main: CodeCraft-2019.py, 30] preset_answer_path is config/presetAnswer.txt
[2019-04-10 20:35:00] INFO [main: CodeCraft-2019.py, 31] answer_path is config/answer.txt
[2019-04-10 20:37:01] INFO [main: CodeCraft-2019.py, 27] car_path is config/car.txt
[2019-04-10 20:37:01] INFO [main: CodeCraft-2019.py, 28] road_path is config/road.txt
[2019-04-10 20:37:01] INFO [main: CodeCraft-2019.py, 29] cross_path is config/cross.txt
[2019-04-10 20:37:01] INFO [main: CodeCraft-2019.py, 30] preset_answer_path is config/presetAnswer.txt
[2019-04-10 20:37:01] INFO [main: CodeCraft-2019.py, 31] answer_path is config/answer.txt
[2019-04-10 20:37:31] INFO [main: CodeCraft-2019.py, 27] car_path is config/car.txt
[2019-04-10 20:37:31] INFO [main: CodeCraft-2019.py, 28] road_path is config/road.txt
[2019-04-10 20:37:31] INFO [main: CodeCraft-2019.py, 29] cross_path is config/cross.txt
[2019-04-10 20:37:31] INFO [main: CodeCraft-2019.py, 30] preset_answer_path is config/presetAnswer.txt
[2019-04-10 20:37:31] INFO [main: CodeCraft-2019.py, 31] answer_path is config/answer.txt
[2019-04-10 20:38:04] INFO [main: CodeCraft-2019.py, 27] car_path is config/car.txt
[2019-04-10 20:38:04] INFO [main: CodeCraft-2019.py, 28] road_path is config/road.txt
[2019-04-10 20:38:04] INFO [main: CodeCraft-2019.py, 29] cross_path is config/cross.txt
[2019-04-10 20:38:04] INFO [main: CodeCraft-2019.py, 30] preset_answer_path is config/presetAnswer.txt
[2019-04-10 20:38:04] INFO [main: CodeCraft-2019.py, 31] answer_path is config/answer.txt
[2019-04-10 20:38:22] INFO [main: CodeCraft-2019.py, 27] car_path is config/car.txt
[2019-04-10 20:38:22] INFO [main: CodeCraft-2019.py, 28] road_path is config/road.txt
[2019-04-10 20:38:22] INFO [main: CodeCraft-2019.py, 29] cross_path is config/cross.txt
[2019-04-10 20:38:22] INFO [main: CodeCraft-2019.py, 30] preset_answer_path is config/presetAnswer.txt
[2019-04-10 20:38:22] INFO [main: CodeCraft-2019.py, 31] answer_path is config/answer.txt
[2019-04-10 21:03:00] INFO [main: CodeCraft-2019.py, 27] car_path is config/car.txt
[2019-04-10 21:03:00] INFO [main: CodeCraft-2019.py, 28] road_path is config/road.txt
[2019-04-10 21:03:00] INFO [main: CodeCraft-2019.py, 29] cross_path is config/cross.txt
[2019-04-10 21:03:00] INFO [main: CodeCraft-2019.py, 30] preset_answer_path is config/presetAnswer.txt
[2019-04-10 21:03:00] INFO [main: CodeCraft-2019.py, 31] answer_path is config/answer.txt
[2019-04-10 21:03:25] INFO [main: CodeCraft-2019.py, 27] car_path is config/car.txt
[2019-04-10 21:03:25] INFO [main: CodeCraft-2019.py, 28] road_path is config/road.txt
[2019-04-10 21:03:25] INFO [main: CodeCraft-2019.py, 29] cross_path is config/cross.txt
[2019-04-10 21:03:25] INFO [main: CodeCraft-2019.py, 30] preset_answer_path is config/presetAnswer.txt
[2019-04-10 21:03:25] INFO [main: CodeCraft-2019.py, 31] answer_path is config/answer.txt
[2019-04-10 21:11:27] INFO [main: CodeCraft-2019.py, 27] car_path is config/car.txt
[2019-04-10 21:11:27] INFO [main: CodeCraft-2019.py, 28] road_path is config/road.txt
[2019-04-10 21:11:27] INFO [main: CodeCraft-2019.py, 29] cross_path is config/cross.txt
[2019-04-10 21:11:27] INFO [main: CodeCraft-2019.py, 30] preset_answer_path is config/presetAnswer.txt
[2019-04-10 21:11:27] INFO [main: CodeCraft-2019.py, 31] answer_path is config/answer.txt
[2019-04-10 21:12:17] INFO [main: CodeCraft-2019.py, 27] car_path is config/car.txt
[2019-04-10 21:12:17] INFO [main: CodeCraft-2019.py, 28] road_path is config/road.txt
[2019-04-10 21:12:17] INFO [main: CodeCraft-2019.py, 29] cross_path is config/cross.txt
[2019-04-10 21:12:17] INFO [main: CodeCraft-2019.py, 30] preset_answer_path is config/presetAnswer.txt
[2019-04-10 21:12:17] INFO [main: CodeCraft-2019.py, 31] answer_path is config/answer.txt
[2019-04-10 21:13:10] INFO [main: CodeCraft-2019.py, 27] car_path is config/car.txt
[2019-04-10 21:13:10] INFO [main: CodeCraft-2019.py, 28] road_path is config/road.txt
[2019-04-10 21:13:10] INFO [main: CodeCraft-2019.py, 29] cross_path is config/cross.txt
[2019-04-10 21:13:10] INFO [main: CodeCraft-2019.py, 30] preset_answer_path is config/presetAnswer.txt
[2019-04-10 21:13:10] INFO [main: CodeCraft-2019.py, 31] answer_path is config/answer.txt
[2019-04-10 21:14:08] INFO [main: CodeCraft-2019.py, 27] car_path is config/car.txt
[2019-04-10 21:14:08] INFO [main: CodeCraft-2019.py, 28] road_path is config/road.txt
[2019-04-10 21:14:08] INFO [main: CodeCraft-2019.py, 29] cross_path is config/cross.txt
[2019-04-10 21:14:08] INFO [main: CodeCraft-2019.py, 30] preset_answer_path is config/presetAnswer.txt
[2019-04-10 21:14:08] INFO [main: CodeCraft-2019.py, 31] answer_path is config/answer.txt
[2019-04-10 21:14:14] INFO [main: CodeCraft-2019.py, 27] car_path is config/car.txt
[2019-04-10 21:14:14] INFO [main: CodeCraft-2019.py, 28] road_path is config/road.txt
[2019-04-10 21:14:14] INFO [main: CodeCraft-2019.py, 29] cross_path is config/cross.txt
[2019-04-10 21:14:14] INFO [main: CodeCraft-2019.py, 30] preset_answer_path is config/presetAnswer.txt
[2019-04-10 21:14:14] INFO [main: CodeCraft-2019.py, 31] answer_path is config/answer.txt
[2019-04-10 21:17:23] INFO [main: CodeCraft-2019.py, 27] car_path is config/car.txt
[2019-04-10 21:17:23] INFO [main: CodeCraft-2019.py, 28] road_path is config/road.txt
[2019-04-10 21:17:23] INFO [main: CodeCraft-2019.py, 29] cross_path is config/cross.txt
[2019-04-10 21:17:23] INFO [main: CodeCraft-2019.py, 30] preset_answer_path is config/presetAnswer.txt
[2019-04-10 21:17:23] INFO [main: CodeCraft-2019.py, 31] answer_path is config/answer.txt
[2019-04-10 21:18:39] INFO [main: CodeCraft-2019.py, 27] car_path is config/car.txt
[2019-04-10 21:18:39] INFO [main: CodeCraft-2019.py, 28] road_path is config/road.txt
[2019-04-10 21:18:39] INFO [main: CodeCraft-2019.py, 29] cross_path is config/cross.txt
[2019-04-10 21:18:39] INFO [main: CodeCraft-2019.py, 30] preset_answer_path is config/presetAnswer.txt
[2019-04-10 21:18:39] INFO [main: CodeCraft-2019.py, 31] answer_path is config/answer.txt
[2019-04-10 21:18:58] INFO [main: CodeCraft-2019.py, 27] car_path is config/car.txt
[2019-04-10 21:18:58] INFO [main: CodeCraft-2019.py, 28] road_path is config/road.txt
[2019-04-10 21:18:58] INFO [main: CodeCraft-2019.py, 29] cross_path is config/cross.txt
[2019-04-10 21:18:58] INFO [main: CodeCraft-2019.py, 30] preset_answer_path is config/presetAnswer.txt
[2019-04-10 21:18:58] INFO [main: CodeCraft-2019.py, 31] answer_path is config/answer.txt
[2019-04-10 21:19:17] INFO [main: CodeCraft-2019.py, 27] car_path is config/car.txt
[2019-04-10 21:19:17] INFO [main: CodeCraft-2019.py, 28] road_path is config/road.txt
[2019-04-10 21:19:17] INFO [main: CodeCraft-2019.py, 29] cross_path is config/cross.txt
[2019-04-10 21:19:17] INFO [main: CodeCraft-2019.py, 30] preset_answer_path is config/presetAnswer.txt
[2019-04-10 21:19:17] INFO [main: CodeCraft-2019.py, 31] answer_path is config/answer.txt
[2019-04-10 21:19:40] INFO [main: CodeCraft-2019.py, 27] car_path is config/car.txt
[2019-04-10 21:19:40] INFO [main: CodeCraft-2019.py, 28] road_path is config/road.txt
[2019-04-10 21:19:40] INFO [main: CodeCraft-2019.py, 29] cross_path is config/cross.txt
[2019-04-10 21:19:40] INFO [main: CodeCraft-2019.py, 30] preset_answer_path is config/presetAnswer.txt
[2019-04-10 21:19:40] INFO [main: CodeCraft-2019.py, 31] answer_path is config/answer.txt
[2019-04-10 21:20:07] INFO [main: CodeCraft-2019.py, 27] car_path is config/car.txt
[2019-04-10 21:20:07] INFO [main: CodeCraft-2019.py, 28] road_path is config/road.txt
[2019-04-10 21:20:07] INFO [main: CodeCraft-2019.py, 29] cross_path is config/cross.txt
[2019-04-10 21:20:07] INFO [main: CodeCraft-2019.py, 30] preset_answer_path is config/presetAnswer.txt
[2019-04-10 21:20:07] INFO [main: CodeCraft-2019.py, 31] answer_path is config/answer.txt
[2019-04-10 21:20:27] INFO [main: CodeCraft-2019.py, 27] car_path is config/car.txt
[2019-04-10 21:20:27] INFO [main: CodeCraft-2019.py, 28] road_path is config/road.txt
[2019-04-10 21:20:27] INFO [main: CodeCraft-2019.py, 29] cross_path is config/cross.txt
[2019-04-10 21:20:27] INFO [main: CodeCraft-2019.py, 30] preset_answer_path is config/presetAnswer.txt
[2019-04-10 21:20:27] INFO [main: CodeCraft-2019.py, 31] answer_path is config/answer.txt
[2019-04-10 21:20:45] INFO [main: CodeCraft-2019.py, 27] car_path is config/car.txt
[2019-04-10 21:20:45] INFO [main: CodeCraft-2019.py, 28] road_path is config/road.txt
[2019-04-10 21:20:45] INFO [main: CodeCraft-2019.py, 29] cross_path is config/cross.txt
[2019-04-10 21:20:45] INFO [main: CodeCraft-2019.py, 30] preset_answer_path is config/presetAnswer.txt
[2019-04-10 21:20:45] INFO [main: CodeCraft-2019.py, 31] answer_path is config/answer.txt
[2019-04-10 21:21:08] INFO [main: CodeCraft-2019.py, 27] car_path is config/car.txt
[2019-04-10 21:21:08] INFO [main: CodeCraft-2019.py, 28] road_path is config/road.txt
[2019-04-10 21:21:08] INFO [main: CodeCraft-2019.py, 29] cross_path is config/cross.txt
[2019-04-10 21:21:08] INFO [main: CodeCraft-2019.py, 30] preset_answer_path is config/presetAnswer.txt
[2019-04-10 21:21:08] INFO [main: CodeCraft-2019.py, 31] answer_path is config/answer.txt
[2019-04-10 21:21:31] INFO [main: CodeCraft-2019.py, 27] car_path is config/car.txt
[2019-04-10 21:21:31] INFO [main: CodeCraft-2019.py, 28] road_path is config/road.txt
[2019-04-10 21:21:31] INFO [main: CodeCraft-2019.py, 29] cross_path is config/cross.txt
[2019-04-10 21:21:31] INFO [main: CodeCraft-2019.py, 30] preset_answer_path is config/presetAnswer.txt
[2019-04-10 21:21:31] INFO [main: CodeCraft-2019.py, 31] answer_path is config/answer.txt
[2019-04-10 21:22:32] INFO [main: CodeCraft-2019.py, 27] car_path is config/car.txt
[2019-04-10 21:22:32] INFO [main: CodeCraft-2019.py, 28] road_path is config/road.txt
[2019-04-10 21:22:32] INFO [main: CodeCraft-2019.py, 29] cross_path is config/cross.txt
[2019-04-10 21:22:32] INFO [main: CodeCraft-2019.py, 30] preset_answer_path is config/presetAnswer.txt
[2019-04-10 21:22:32] INFO [main: CodeCraft-2019.py, 31] answer_path is config/answer.txt
[2019-04-10 21:23:16] INFO [main: CodeCraft-2019.py, 27] car_path is config/car.txt
[2019-04-10 21:23:16] INFO [main: CodeCraft-2019.py, 28] road_path is config/road.txt
[2019-04-10 21:23:16] INFO [main: CodeCraft-2019.py, 29] cross_path is config/cross.txt
[2019-04-10 21:23:16] INFO [main: CodeCraft-2019.py, 30] preset_answer_path is config/presetAnswer.txt
[2019-04-10 21:23:16] INFO [main: CodeCraft-2019.py, 31] answer_path is config/answer.txt
[2019-04-10 21:23:37] INFO [main: CodeCraft-2019.py, 27] car_path is config/car.txt
[2019-04-10 21:23:37] INFO [main: CodeCraft-2019.py, 28] road_path is config/road.txt
[2019-04-10 21:23:37] INFO [main: CodeCraft-2019.py, 29] cross_path is config/cross.txt
[2019-04-10 21:23:37] INFO [main: CodeCraft-2019.py, 30] preset_answer_path is config/presetAnswer.txt
[2019-04-10 21:23:37] INFO [main: CodeCraft-2019.py, 31] answer_path is config/answer.txt
[2019-04-10 21:24:37] INFO [main: CodeCraft-2019.py, 27] car_path is config/car.txt
[2019-04-10 21:24:37] INFO [main: CodeCraft-2019.py, 28] road_path is config/road.txt
[2019-04-10 21:24:37] INFO [main: CodeCraft-2019.py, 29] cross_path is config/cross.txt
[2019-04-10 21:24:37] INFO [main: CodeCraft-2019.py, 30] preset_answer_path is config/presetAnswer.txt
[2019-04-10 21:24:37] INFO [main: CodeCraft-2019.py, 31] answer_path is config/answer.txt
[2019-04-10 21:25:31] INFO [main: CodeCraft-2019.py, 27] car_path is config/car.txt
[2019-04-10 21:25:31] INFO [main: CodeCraft-2019.py, 28] road_path is config/road.txt
[2019-04-10 21:25:31] INFO [main: CodeCraft-2019.py, 29] cross_path is config/cross.txt
[2019-04-10 21:25:31] INFO [main: CodeCraft-2019.py, 30] preset_answer_path is config/presetAnswer.txt
[2019-04-10 21:25:31] INFO [main: CodeCraft-2019.py, 31] answer_path is config/answer.txt
[2019-04-10 21:44:07] INFO [main: CodeCraft-2019.py, 27] car_path is config/car.txt
[2019-04-10 21:44:07] INFO [main: CodeCraft-2019.py, 28] road_path is config/road.txt
[2019-04-10 21:44:07] INFO [main: CodeCraft-2019.py, 29] cross_path is config/cross.txt
[2019-04-10 21:44:07] INFO [main: CodeCraft-2019.py, 30] preset_answer_path is config/presetAnswer.txt
[2019-04-10 21:44:07] INFO [main: CodeCraft-2019.py, 31] answer_path is config/answer.txt
