[2019-03-25 12:15:32] INFO [main: CodeCraft-2019.py, 25] car_path is config/car.txt
[2019-03-25 12:15:32] INFO [main: CodeCraft-2019.py, 26] road_path is config/road.txt
[2019-03-25 12:15:32] INFO [main: CodeCraft-2019.py, 27] cross_path is config/cross.txt
[2019-03-25 12:15:32] INFO [main: CodeCraft-2019.py, 28] answer_path is config/answer.txt
[2019-03-25 12:17:53] INFO [main: CodeCraft-2019.py, 25] car_path is config/car.txt
[2019-03-25 12:17:53] INFO [main: CodeCraft-2019.py, 26] road_path is config/road.txt
[2019-03-25 12:17:53] INFO [main: CodeCraft-2019.py, 27] cross_path is config/cross.txt
[2019-03-25 12:17:53] INFO [main: CodeCraft-2019.py, 28] answer_path is config/answer.txt
[2019-03-25 14:36:21] INFO [main: CodeCraft-2019.py, 25] car_path is config/car.txt
[2019-03-25 14:36:21] INFO [main: CodeCraft-2019.py, 26] road_path is config/road.txt
[2019-03-25 14:36:21] INFO [main: CodeCraft-2019.py, 27] cross_path is config/cross.txt
[2019-03-25 14:36:21] INFO [main: CodeCraft-2019.py, 28] answer_path is config/answer.txt
[2019-03-25 14:36:31] INFO [main: CodeCraft-2019.py, 25] car_path is config/car.txt
[2019-03-25 14:36:31] INFO [main: CodeCraft-2019.py, 26] road_path is config/road.txt
[2019-03-25 14:36:31] INFO [main: CodeCraft-2019.py, 27] cross_path is config/cross.txt
[2019-03-25 14:36:31] INFO [main: CodeCraft-2019.py, 28] answer_path is config/answer.txt
[2019-03-25 14:38:04] INFO [main: CodeCraft-2019.py, 25] car_path is config/car.txt
[2019-03-25 14:38:04] INFO [main: CodeCraft-2019.py, 26] road_path is config/road.txt
[2019-03-25 14:38:04] INFO [main: CodeCraft-2019.py, 27] cross_path is config/cross.txt
[2019-03-25 14:38:04] INFO [main: CodeCraft-2019.py, 28] answer_path is config/answer.txt
[2019-03-25 14:38:31] INFO [main: CodeCraft-2019.py, 25] car_path is config/car.txt
[2019-03-25 14:38:31] INFO [main: CodeCraft-2019.py, 26] road_path is config/road.txt
[2019-03-25 14:38:31] INFO [main: CodeCraft-2019.py, 27] cross_path is config/cross.txt
[2019-03-25 14:38:31] INFO [main: CodeCraft-2019.py, 28] answer_path is config/answer.txt
[2019-03-25 14:38:57] INFO [main: CodeCraft-2019.py, 25] car_path is config/car.txt
[2019-03-25 14:38:57] INFO [main: CodeCraft-2019.py, 26] road_path is config/road.txt
[2019-03-25 14:38:57] INFO [main: CodeCraft-2019.py, 27] cross_path is config/cross.txt
[2019-03-25 14:38:57] INFO [main: CodeCraft-2019.py, 28] answer_path is config/answer.txt
[2019-03-25 14:41:41] INFO [main: CodeCraft-2019.py, 25] car_path is config/car.txt
[2019-03-25 14:41:41] INFO [main: CodeCraft-2019.py, 26] road_path is config/road.txt
[2019-03-25 14:41:41] INFO [main: CodeCraft-2019.py, 27] cross_path is config/cross.txt
[2019-03-25 14:41:41] INFO [main: CodeCraft-2019.py, 28] answer_path is config/answer.txt
[2019-03-25 15:00:31] INFO [main: CodeCraft-2019.py, 25] car_path is config/car.txt
[2019-03-25 15:00:31] INFO [main: CodeCraft-2019.py, 26] road_path is config/road.txt
[2019-03-25 15:00:31] INFO [main: CodeCraft-2019.py, 27] cross_path is config/cross.txt
[2019-03-25 15:00:31] INFO [main: CodeCraft-2019.py, 28] answer_path is config/answer.txt
[2019-03-25 15:01:34] INFO [main: CodeCraft-2019.py, 25] car_path is config/car.txt
[2019-03-25 15:01:34] INFO [main: CodeCraft-2019.py, 26] road_path is config/road.txt
[2019-03-25 15:01:34] INFO [main: CodeCraft-2019.py, 27] cross_path is config/cross.txt
[2019-03-25 15:01:34] INFO [main: CodeCraft-2019.py, 28] answer_path is config/answer.txt
[2019-03-25 15:02:28] INFO [main: CodeCraft-2019.py, 25] car_path is config/car.txt
[2019-03-25 15:02:28] INFO [main: CodeCraft-2019.py, 26] road_path is config/road.txt
[2019-03-25 15:02:28] INFO [main: CodeCraft-2019.py, 27] cross_path is config/cross.txt
[2019-03-25 15:02:28] INFO [main: CodeCraft-2019.py, 28] answer_path is config/answer.txt
[2019-03-25 15:05:05] INFO [main: CodeCraft-2019.py, 25] car_path is config/car.txt
[2019-03-25 15:05:05] INFO [main: CodeCraft-2019.py, 26] road_path is config/road.txt
[2019-03-25 15:05:05] INFO [main: CodeCraft-2019.py, 27] cross_path is config/cross.txt
[2019-03-25 15:05:05] INFO [main: CodeCraft-2019.py, 28] answer_path is config/answer.txt
[2019-03-25 15:09:39] INFO [main: CodeCraft-2019.py, 25] car_path is config/car.txt
[2019-03-25 15:09:39] INFO [main: CodeCraft-2019.py, 26] road_path is config/road.txt
[2019-03-25 15:09:39] INFO [main: CodeCraft-2019.py, 27] cross_path is config/cross.txt
[2019-03-25 15:09:39] INFO [main: CodeCraft-2019.py, 28] answer_path is config/answer.txt
[2019-03-25 15:11:48] INFO [main: CodeCraft-2019.py, 25] car_path is config/car.txt
[2019-03-25 15:11:48] INFO [main: CodeCraft-2019.py, 26] road_path is config/road.txt
[2019-03-25 15:11:48] INFO [main: CodeCraft-2019.py, 27] cross_path is config/cross.txt
[2019-03-25 15:11:48] INFO [main: CodeCraft-2019.py, 28] answer_path is config/answer.txt
[2019-03-25 15:12:04] INFO [main: CodeCraft-2019.py, 25] car_path is config/car.txt
[2019-03-25 15:12:04] INFO [main: CodeCraft-2019.py, 26] road_path is config/road.txt
[2019-03-25 15:12:04] INFO [main: CodeCraft-2019.py, 27] cross_path is config/cross.txt
[2019-03-25 15:12:04] INFO [main: CodeCraft-2019.py, 28] answer_path is config/answer.txt
[2019-03-25 15:12:16] INFO [main: CodeCraft-2019.py, 25] car_path is config/car.txt
[2019-03-25 15:12:16] INFO [main: CodeCraft-2019.py, 26] road_path is config/road.txt
[2019-03-25 15:12:16] INFO [main: CodeCraft-2019.py, 27] cross_path is config/cross.txt
[2019-03-25 15:12:16] INFO [main: CodeCraft-2019.py, 28] answer_path is config/answer.txt
[2019-03-25 15:27:37] INFO [main: CodeCraft-2019.py, 25] car_path is config/car.txt
[2019-03-25 15:27:37] INFO [main: CodeCraft-2019.py, 26] road_path is config/road.txt
[2019-03-25 15:27:37] INFO [main: CodeCraft-2019.py, 27] cross_path is config/cross.txt
[2019-03-25 15:27:37] INFO [main: CodeCraft-2019.py, 28] answer_path is config/answer.txt
[2019-03-25 15:28:09] INFO [main: CodeCraft-2019.py, 25] car_path is config/car.txt
[2019-03-25 15:28:09] INFO [main: CodeCraft-2019.py, 26] road_path is config/road.txt
[2019-03-25 15:28:09] INFO [main: CodeCraft-2019.py, 27] cross_path is config/cross.txt
[2019-03-25 15:28:09] INFO [main: CodeCraft-2019.py, 28] answer_path is config/answer.txt
[2019-03-25 15:38:54] INFO [main: CodeCraft-2019.py, 25] car_path is config/car.txt
[2019-03-25 15:38:54] INFO [main: CodeCraft-2019.py, 26] road_path is config/road.txt
[2019-03-25 15:38:54] INFO [main: CodeCraft-2019.py, 27] cross_path is config/cross.txt
[2019-03-25 15:38:54] INFO [main: CodeCraft-2019.py, 28] answer_path is config/answer.txt
[2019-03-25 15:39:08] INFO [main: CodeCraft-2019.py, 25] car_path is config/car.txt
[2019-03-25 15:39:08] INFO [main: CodeCraft-2019.py, 26] road_path is config/road.txt
[2019-03-25 15:39:08] INFO [main: CodeCraft-2019.py, 27] cross_path is config/cross.txt
[2019-03-25 15:39:08] INFO [main: CodeCraft-2019.py, 28] answer_path is config/answer.txt
[2019-03-25 15:39:40] INFO [main: CodeCraft-2019.py, 25] car_path is config/car.txt
[2019-03-25 15:39:40] INFO [main: CodeCraft-2019.py, 26] road_path is config/road.txt
[2019-03-25 15:39:40] INFO [main: CodeCraft-2019.py, 27] cross_path is config/cross.txt
[2019-03-25 15:39:40] INFO [main: CodeCraft-2019.py, 28] answer_path is config/answer.txt
[2019-03-25 17:01:01] INFO [main: CodeCraft-2019.py, 25] car_path is config/car.txt
[2019-03-25 17:01:01] INFO [main: CodeCraft-2019.py, 26] road_path is config/road.txt
[2019-03-25 17:01:01] INFO [main: CodeCraft-2019.py, 27] cross_path is config/cross.txt
[2019-03-25 17:01:01] INFO [main: CodeCraft-2019.py, 28] answer_path is config/answer.txt
[2019-03-25 17:02:56] INFO [main: CodeCraft-2019.py, 25] car_path is config/car.txt
[2019-03-25 17:02:56] INFO [main: CodeCraft-2019.py, 26] road_path is config/road.txt
[2019-03-25 17:02:56] INFO [main: CodeCraft-2019.py, 27] cross_path is config/cross.txt
[2019-03-25 17:02:56] INFO [main: CodeCraft-2019.py, 28] answer_path is config/answer.txt
[2019-03-25 17:03:24] INFO [main: CodeCraft-2019.py, 25] car_path is config/car.txt
[2019-03-25 17:03:24] INFO [main: CodeCraft-2019.py, 26] road_path is config/road.txt
[2019-03-25 17:03:24] INFO [main: CodeCraft-2019.py, 27] cross_path is config/cross.txt
[2019-03-25 17:03:24] INFO [main: CodeCraft-2019.py, 28] answer_path is config/answer.txt
[2019-03-25 17:03:44] INFO [main: CodeCraft-2019.py, 25] car_path is config/car.txt
[2019-03-25 17:03:44] INFO [main: CodeCraft-2019.py, 26] road_path is config/road.txt
[2019-03-25 17:03:44] INFO [main: CodeCraft-2019.py, 27] cross_path is config/cross.txt
[2019-03-25 17:03:44] INFO [main: CodeCraft-2019.py, 28] answer_path is config/answer.txt
[2019-03-25 17:04:05] INFO [main: CodeCraft-2019.py, 25] car_path is config/car.txt
[2019-03-25 17:04:05] INFO [main: CodeCraft-2019.py, 26] road_path is config/road.txt
[2019-03-25 17:04:05] INFO [main: CodeCraft-2019.py, 27] cross_path is config/cross.txt
[2019-03-25 17:04:05] INFO [main: CodeCraft-2019.py, 28] answer_path is config/answer.txt
[2019-03-25 17:04:17] INFO [main: CodeCraft-2019.py, 25] car_path is config/car.txt
[2019-03-25 17:04:17] INFO [main: CodeCraft-2019.py, 26] road_path is config/road.txt
[2019-03-25 17:04:17] INFO [main: CodeCraft-2019.py, 27] cross_path is config/cross.txt
[2019-03-25 17:04:17] INFO [main: CodeCraft-2019.py, 28] answer_path is config/answer.txt
[2019-03-25 17:05:03] INFO [main: CodeCraft-2019.py, 25] car_path is config/car.txt
[2019-03-25 17:05:03] INFO [main: CodeCraft-2019.py, 26] road_path is config/road.txt
[2019-03-25 17:05:03] INFO [main: CodeCraft-2019.py, 27] cross_path is config/cross.txt
[2019-03-25 17:05:03] INFO [main: CodeCraft-2019.py, 28] answer_path is config/answer.txt
[2019-03-25 17:05:27] INFO [main: CodeCraft-2019.py, 25] car_path is config/car.txt
[2019-03-25 17:05:27] INFO [main: CodeCraft-2019.py, 26] road_path is config/road.txt
[2019-03-25 17:05:27] INFO [main: CodeCraft-2019.py, 27] cross_path is config/cross.txt
[2019-03-25 17:05:27] INFO [main: CodeCraft-2019.py, 28] answer_path is config/answer.txt
[2019-03-25 17:05:41] INFO [main: CodeCraft-2019.py, 25] car_path is config/car.txt
[2019-03-25 17:05:41] INFO [main: CodeCraft-2019.py, 26] road_path is config/road.txt
[2019-03-25 17:05:41] INFO [main: CodeCraft-2019.py, 27] cross_path is config/cross.txt
[2019-03-25 17:05:41] INFO [main: CodeCraft-2019.py, 28] answer_path is config/answer.txt
[2019-03-25 17:06:11] INFO [main: CodeCraft-2019.py, 25] car_path is config/car.txt
[2019-03-25 17:06:11] INFO [main: CodeCraft-2019.py, 26] road_path is config/road.txt
[2019-03-25 17:06:11] INFO [main: CodeCraft-2019.py, 27] cross_path is config/cross.txt
[2019-03-25 17:06:11] INFO [main: CodeCraft-2019.py, 28] answer_path is config/answer.txt
[2019-03-25 17:06:37] INFO [main: CodeCraft-2019.py, 25] car_path is config/car.txt
[2019-03-25 17:06:37] INFO [main: CodeCraft-2019.py, 26] road_path is config/road.txt
[2019-03-25 17:06:37] INFO [main: CodeCraft-2019.py, 27] cross_path is config/cross.txt
[2019-03-25 17:06:37] INFO [main: CodeCraft-2019.py, 28] answer_path is config/answer.txt
[2019-03-25 17:08:39] INFO [main: CodeCraft-2019.py, 25] car_path is config/car.txt
[2019-03-25 17:08:39] INFO [main: CodeCraft-2019.py, 26] road_path is config/road.txt
[2019-03-25 17:08:39] INFO [main: CodeCraft-2019.py, 27] cross_path is config/cross.txt
[2019-03-25 17:08:39] INFO [main: CodeCraft-2019.py, 28] answer_path is config/answer.txt
[2019-03-25 17:09:10] INFO [main: CodeCraft-2019.py, 25] car_path is config/car.txt
[2019-03-25 17:09:10] INFO [main: CodeCraft-2019.py, 26] road_path is config/road.txt
[2019-03-25 17:09:10] INFO [main: CodeCraft-2019.py, 27] cross_path is config/cross.txt
[2019-03-25 17:09:10] INFO [main: CodeCraft-2019.py, 28] answer_path is config/answer.txt
[2019-03-25 17:10:21] INFO [main: CodeCraft-2019.py, 25] car_path is config/car.txt
[2019-03-25 17:10:21] INFO [main: CodeCraft-2019.py, 26] road_path is config/road.txt
[2019-03-25 17:10:21] INFO [main: CodeCraft-2019.py, 27] cross_path is config/cross.txt
[2019-03-25 17:10:21] INFO [main: CodeCraft-2019.py, 28] answer_path is config/answer.txt
[2019-03-25 17:10:32] INFO [main: CodeCraft-2019.py, 25] car_path is config/car.txt
[2019-03-25 17:10:32] INFO [main: CodeCraft-2019.py, 26] road_path is config/road.txt
[2019-03-25 17:10:32] INFO [main: CodeCraft-2019.py, 27] cross_path is config/cross.txt
[2019-03-25 17:10:32] INFO [main: CodeCraft-2019.py, 28] answer_path is config/answer.txt
[2019-03-25 17:15:46] INFO [main: CodeCraft-2019.py, 25] car_path is config/car.txt
[2019-03-25 17:15:46] INFO [main: CodeCraft-2019.py, 26] road_path is config/road.txt
[2019-03-25 17:15:46] INFO [main: CodeCraft-2019.py, 27] cross_path is config/cross.txt
[2019-03-25 17:15:46] INFO [main: CodeCraft-2019.py, 28] answer_path is config/answer.txt
[2019-03-25 17:16:03] INFO [main: CodeCraft-2019.py, 25] car_path is config/car.txt
[2019-03-25 17:16:03] INFO [main: CodeCraft-2019.py, 26] road_path is config/road.txt
[2019-03-25 17:16:03] INFO [main: CodeCraft-2019.py, 27] cross_path is config/cross.txt
[2019-03-25 17:16:03] INFO [main: CodeCraft-2019.py, 28] answer_path is config/answer.txt
[2019-03-25 17:16:52] INFO [main: CodeCraft-2019.py, 25] car_path is config/car.txt
[2019-03-25 17:16:52] INFO [main: CodeCraft-2019.py, 26] road_path is config/road.txt
[2019-03-25 17:16:52] INFO [main: CodeCraft-2019.py, 27] cross_path is config/cross.txt
[2019-03-25 17:16:52] INFO [main: CodeCraft-2019.py, 28] answer_path is config/answer.txt
[2019-03-25 17:17:26] INFO [main: CodeCraft-2019.py, 25] car_path is config/car.txt
[2019-03-25 17:17:26] INFO [main: CodeCraft-2019.py, 26] road_path is config/road.txt
[2019-03-25 17:17:26] INFO [main: CodeCraft-2019.py, 27] cross_path is config/cross.txt
[2019-03-25 17:17:26] INFO [main: CodeCraft-2019.py, 28] answer_path is config/answer.txt
[2019-03-25 17:18:40] INFO [main: CodeCraft-2019.py, 25] car_path is config/car.txt
[2019-03-25 17:18:40] INFO [main: CodeCraft-2019.py, 26] road_path is config/road.txt
[2019-03-25 17:18:40] INFO [main: CodeCraft-2019.py, 27] cross_path is config/cross.txt
[2019-03-25 17:18:40] INFO [main: CodeCraft-2019.py, 28] answer_path is config/answer.txt
[2019-03-25 17:18:54] INFO [main: CodeCraft-2019.py, 25] car_path is config/car.txt
[2019-03-25 17:18:54] INFO [main: CodeCraft-2019.py, 26] road_path is config/road.txt
[2019-03-25 17:18:54] INFO [main: CodeCraft-2019.py, 27] cross_path is config/cross.txt
[2019-03-25 17:18:54] INFO [main: CodeCraft-2019.py, 28] answer_path is config/answer.txt
[2019-03-25 17:19:14] INFO [main: CodeCraft-2019.py, 25] car_path is config/car.txt
[2019-03-25 17:19:14] INFO [main: CodeCraft-2019.py, 26] road_path is config/road.txt
[2019-03-25 17:19:14] INFO [main: CodeCraft-2019.py, 27] cross_path is config/cross.txt
[2019-03-25 17:19:14] INFO [main: CodeCraft-2019.py, 28] answer_path is config/answer.txt
[2019-03-25 17:20:17] INFO [main: CodeCraft-2019.py, 25] car_path is config/car.txt
[2019-03-25 17:20:17] INFO [main: CodeCraft-2019.py, 26] road_path is config/road.txt
[2019-03-25 17:20:17] INFO [main: CodeCraft-2019.py, 27] cross_path is config/cross.txt
[2019-03-25 17:20:17] INFO [main: CodeCraft-2019.py, 28] answer_path is config/answer.txt
[2019-03-25 17:20:29] INFO [main: CodeCraft-2019.py, 25] car_path is config/car.txt
[2019-03-25 17:20:29] INFO [main: CodeCraft-2019.py, 26] road_path is config/road.txt
[2019-03-25 17:20:29] INFO [main: CodeCraft-2019.py, 27] cross_path is config/cross.txt
[2019-03-25 17:20:29] INFO [main: CodeCraft-2019.py, 28] answer_path is config/answer.txt
[2019-03-25 17:20:43] INFO [main: CodeCraft-2019.py, 25] car_path is config/car.txt
[2019-03-25 17:20:43] INFO [main: CodeCraft-2019.py, 26] road_path is config/road.txt
[2019-03-25 17:20:43] INFO [main: CodeCraft-2019.py, 27] cross_path is config/cross.txt
[2019-03-25 17:20:43] INFO [main: CodeCraft-2019.py, 28] answer_path is config/answer.txt
[2019-03-25 17:21:02] INFO [main: CodeCraft-2019.py, 25] car_path is config/car.txt
[2019-03-25 17:21:02] INFO [main: CodeCraft-2019.py, 26] road_path is config/road.txt
[2019-03-25 17:21:02] INFO [main: CodeCraft-2019.py, 27] cross_path is config/cross.txt
[2019-03-25 17:21:02] INFO [main: CodeCraft-2019.py, 28] answer_path is config/answer.txt
[2019-03-25 17:21:14] INFO [main: CodeCraft-2019.py, 25] car_path is config/car.txt
[2019-03-25 17:21:14] INFO [main: CodeCraft-2019.py, 26] road_path is config/road.txt
[2019-03-25 17:21:14] INFO [main: CodeCraft-2019.py, 27] cross_path is config/cross.txt
[2019-03-25 17:21:14] INFO [main: CodeCraft-2019.py, 28] answer_path is config/answer.txt
[2019-03-25 17:22:01] INFO [main: CodeCraft-2019.py, 25] car_path is config/car.txt
[2019-03-25 17:22:01] INFO [main: CodeCraft-2019.py, 26] road_path is config/road.txt
[2019-03-25 17:22:01] INFO [main: CodeCraft-2019.py, 27] cross_path is config/cross.txt
[2019-03-25 17:22:01] INFO [main: CodeCraft-2019.py, 28] answer_path is config/answer.txt
[2019-03-25 17:23:36] INFO [main: CodeCraft-2019.py, 25] car_path is config/car.txt
[2019-03-25 17:23:36] INFO [main: CodeCraft-2019.py, 26] road_path is config/road.txt
[2019-03-25 17:23:36] INFO [main: CodeCraft-2019.py, 27] cross_path is config/cross.txt
[2019-03-25 17:23:36] INFO [main: CodeCraft-2019.py, 28] answer_path is config/answer.txt
[2019-03-25 17:26:32] INFO [main: CodeCraft-2019.py, 25] car_path is config/car.txt
[2019-03-25 17:26:32] INFO [main: CodeCraft-2019.py, 26] road_path is config/road.txt
[2019-03-25 17:26:32] INFO [main: CodeCraft-2019.py, 27] cross_path is config/cross.txt
[2019-03-25 17:26:32] INFO [main: CodeCraft-2019.py, 28] answer_path is config/answer.txt
[2019-03-25 17:26:49] INFO [main: CodeCraft-2019.py, 25] car_path is config/car.txt
[2019-03-25 17:26:49] INFO [main: CodeCraft-2019.py, 26] road_path is config/road.txt
[2019-03-25 17:26:49] INFO [main: CodeCraft-2019.py, 27] cross_path is config/cross.txt
[2019-03-25 17:26:49] INFO [main: CodeCraft-2019.py, 28] answer_path is config/answer.txt
[2019-03-25 17:27:15] INFO [main: CodeCraft-2019.py, 25] car_path is config/car.txt
[2019-03-25 17:27:15] INFO [main: CodeCraft-2019.py, 26] road_path is config/road.txt
[2019-03-25 17:27:15] INFO [main: CodeCraft-2019.py, 27] cross_path is config/cross.txt
[2019-03-25 17:27:15] INFO [main: CodeCraft-2019.py, 28] answer_path is config/answer.txt
[2019-03-25 17:27:23] INFO [main: CodeCraft-2019.py, 25] car_path is config/car.txt
[2019-03-25 17:27:23] INFO [main: CodeCraft-2019.py, 26] road_path is config/road.txt
[2019-03-25 17:27:23] INFO [main: CodeCraft-2019.py, 27] cross_path is config/cross.txt
[2019-03-25 17:27:23] INFO [main: CodeCraft-2019.py, 28] answer_path is config/answer.txt
[2019-03-25 17:28:54] INFO [main: CodeCraft-2019.py, 25] car_path is config/car.txt
[2019-03-25 17:28:54] INFO [main: CodeCraft-2019.py, 26] road_path is config/road.txt
[2019-03-25 17:28:54] INFO [main: CodeCraft-2019.py, 27] cross_path is config/cross.txt
[2019-03-25 17:28:54] INFO [main: CodeCraft-2019.py, 28] answer_path is config/answer.txt
[2019-03-25 17:31:16] INFO [main: CodeCraft-2019.py, 25] car_path is config/car.txt
[2019-03-25 17:31:16] INFO [main: CodeCraft-2019.py, 26] road_path is config/road.txt
[2019-03-25 17:31:16] INFO [main: CodeCraft-2019.py, 27] cross_path is config/cross.txt
[2019-03-25 17:31:16] INFO [main: CodeCraft-2019.py, 28] answer_path is config/answer.txt
[2019-03-25 17:32:18] INFO [main: CodeCraft-2019.py, 25] car_path is config/car.txt
[2019-03-25 17:32:18] INFO [main: CodeCraft-2019.py, 26] road_path is config/road.txt
[2019-03-25 17:32:18] INFO [main: CodeCraft-2019.py, 27] cross_path is config/cross.txt
[2019-03-25 17:32:18] INFO [main: CodeCraft-2019.py, 28] answer_path is config/answer.txt
[2019-03-25 17:32:40] INFO [main: CodeCraft-2019.py, 25] car_path is config/car.txt
[2019-03-25 17:32:40] INFO [main: CodeCraft-2019.py, 26] road_path is config/road.txt
[2019-03-25 17:32:40] INFO [main: CodeCraft-2019.py, 27] cross_path is config/cross.txt
[2019-03-25 17:32:40] INFO [main: CodeCraft-2019.py, 28] answer_path is config/answer.txt
[2019-03-25 17:33:03] INFO [main: CodeCraft-2019.py, 25] car_path is config/car.txt
[2019-03-25 17:33:03] INFO [main: CodeCraft-2019.py, 26] road_path is config/road.txt
[2019-03-25 17:33:03] INFO [main: CodeCraft-2019.py, 27] cross_path is config/cross.txt
[2019-03-25 17:33:03] INFO [main: CodeCraft-2019.py, 28] answer_path is config/answer.txt
[2019-03-25 17:34:05] INFO [main: CodeCraft-2019.py, 25] car_path is config/car.txt
[2019-03-25 17:34:05] INFO [main: CodeCraft-2019.py, 26] road_path is config/road.txt
[2019-03-25 17:34:05] INFO [main: CodeCraft-2019.py, 27] cross_path is config/cross.txt
[2019-03-25 17:34:05] INFO [main: CodeCraft-2019.py, 28] answer_path is config/answer.txt
[2019-03-25 17:39:32] INFO [main: CodeCraft-2019.py, 25] car_path is config/car.txt
[2019-03-25 17:39:32] INFO [main: CodeCraft-2019.py, 26] road_path is config/road.txt
[2019-03-25 17:39:32] INFO [main: CodeCraft-2019.py, 27] cross_path is config/cross.txt
[2019-03-25 17:39:32] INFO [main: CodeCraft-2019.py, 28] answer_path is config/answer.txt
[2019-03-25 17:48:21] INFO [main: CodeCraft-2019.py, 25] car_path is config/car.txt
[2019-03-25 17:48:21] INFO [main: CodeCraft-2019.py, 26] road_path is config/road.txt
[2019-03-25 17:48:21] INFO [main: CodeCraft-2019.py, 27] cross_path is config/cross.txt
[2019-03-25 17:48:21] INFO [main: CodeCraft-2019.py, 28] answer_path is config/answer.txt
[2019-03-25 17:49:59] INFO [main: CodeCraft-2019.py, 25] car_path is config/car.txt
[2019-03-25 17:49:59] INFO [main: CodeCraft-2019.py, 26] road_path is config/road.txt
[2019-03-25 17:49:59] INFO [main: CodeCraft-2019.py, 27] cross_path is config/cross.txt
[2019-03-25 17:49:59] INFO [main: CodeCraft-2019.py, 28] answer_path is config/answer.txt
[2019-03-25 17:50:35] INFO [main: CodeCraft-2019.py, 25] car_path is config/car.txt
[2019-03-25 17:50:35] INFO [main: CodeCraft-2019.py, 26] road_path is config/road.txt
[2019-03-25 17:50:35] INFO [main: CodeCraft-2019.py, 27] cross_path is config/cross.txt
[2019-03-25 17:50:35] INFO [main: CodeCraft-2019.py, 28] answer_path is config/answer.txt
[2019-03-25 17:55:17] INFO [main: CodeCraft-2019.py, 25] car_path is config/car.txt
[2019-03-25 17:55:17] INFO [main: CodeCraft-2019.py, 26] road_path is config/road.txt
[2019-03-25 17:55:17] INFO [main: CodeCraft-2019.py, 27] cross_path is config/cross.txt
[2019-03-25 17:55:17] INFO [main: CodeCraft-2019.py, 28] answer_path is config/answer.txt
[2019-03-25 17:55:38] INFO [main: CodeCraft-2019.py, 25] car_path is config/car.txt
[2019-03-25 17:55:38] INFO [main: CodeCraft-2019.py, 26] road_path is config/road.txt
[2019-03-25 17:55:38] INFO [main: CodeCraft-2019.py, 27] cross_path is config/cross.txt
[2019-03-25 17:55:38] INFO [main: CodeCraft-2019.py, 28] answer_path is config/answer.txt
[2019-03-25 17:55:49] INFO [main: CodeCraft-2019.py, 25] car_path is config/car.txt
[2019-03-25 17:55:49] INFO [main: CodeCraft-2019.py, 26] road_path is config/road.txt
[2019-03-25 17:55:49] INFO [main: CodeCraft-2019.py, 27] cross_path is config/cross.txt
[2019-03-25 17:55:49] INFO [main: CodeCraft-2019.py, 28] answer_path is config/answer.txt
[2019-03-25 17:58:11] INFO [main: CodeCraft-2019.py, 25] car_path is config/car.txt
[2019-03-25 17:58:11] INFO [main: CodeCraft-2019.py, 26] road_path is config/road.txt
[2019-03-25 17:58:11] INFO [main: CodeCraft-2019.py, 27] cross_path is config/cross.txt
[2019-03-25 17:58:11] INFO [main: CodeCraft-2019.py, 28] answer_path is config/answer.txt
[2019-03-25 18:00:25] INFO [main: CodeCraft-2019.py, 25] car_path is config/car.txt
[2019-03-25 18:00:25] INFO [main: CodeCraft-2019.py, 26] road_path is config/road.txt
[2019-03-25 18:00:25] INFO [main: CodeCraft-2019.py, 27] cross_path is config/cross.txt
[2019-03-25 18:00:25] INFO [main: CodeCraft-2019.py, 28] answer_path is config/answer.txt
[2019-03-25 18:00:31] INFO [main: CodeCraft-2019.py, 25] car_path is config/car.txt
[2019-03-25 18:00:31] INFO [main: CodeCraft-2019.py, 26] road_path is config/road.txt
[2019-03-25 18:00:31] INFO [main: CodeCraft-2019.py, 27] cross_path is config/cross.txt
[2019-03-25 18:00:31] INFO [main: CodeCraft-2019.py, 28] answer_path is config/answer.txt
[2019-03-25 18:01:12] INFO [main: CodeCraft-2019.py, 25] car_path is config/car.txt
[2019-03-25 18:01:12] INFO [main: CodeCraft-2019.py, 26] road_path is config/road.txt
[2019-03-25 18:01:12] INFO [main: CodeCraft-2019.py, 27] cross_path is config/cross.txt
[2019-03-25 18:01:12] INFO [main: CodeCraft-2019.py, 28] answer_path is config/answer.txt
[2019-03-25 18:01:26] INFO [main: CodeCraft-2019.py, 25] car_path is config/car.txt
[2019-03-25 18:01:26] INFO [main: CodeCraft-2019.py, 26] road_path is config/road.txt
[2019-03-25 18:01:26] INFO [main: CodeCraft-2019.py, 27] cross_path is config/cross.txt
[2019-03-25 18:01:26] INFO [main: CodeCraft-2019.py, 28] answer_path is config/answer.txt
[2019-03-25 18:01:38] INFO [main: CodeCraft-2019.py, 25] car_path is config/car.txt
[2019-03-25 18:01:38] INFO [main: CodeCraft-2019.py, 26] road_path is config/road.txt
[2019-03-25 18:01:38] INFO [main: CodeCraft-2019.py, 27] cross_path is config/cross.txt
[2019-03-25 18:01:38] INFO [main: CodeCraft-2019.py, 28] answer_path is config/answer.txt
[2019-03-25 18:01:49] INFO [main: CodeCraft-2019.py, 25] car_path is config/car.txt
[2019-03-25 18:01:49] INFO [main: CodeCraft-2019.py, 26] road_path is config/road.txt
[2019-03-25 18:01:49] INFO [main: CodeCraft-2019.py, 27] cross_path is config/cross.txt
[2019-03-25 18:01:49] INFO [main: CodeCraft-2019.py, 28] answer_path is config/answer.txt
[2019-03-25 18:02:27] INFO [main: CodeCraft-2019.py, 25] car_path is config/car.txt
[2019-03-25 18:02:27] INFO [main: CodeCraft-2019.py, 26] road_path is config/road.txt
[2019-03-25 18:02:27] INFO [main: CodeCraft-2019.py, 27] cross_path is config/cross.txt
[2019-03-25 18:02:27] INFO [main: CodeCraft-2019.py, 28] answer_path is config/answer.txt
[2019-03-25 18:02:38] INFO [main: CodeCraft-2019.py, 25] car_path is config/car.txt
[2019-03-25 18:02:38] INFO [main: CodeCraft-2019.py, 26] road_path is config/road.txt
[2019-03-25 18:02:38] INFO [main: CodeCraft-2019.py, 27] cross_path is config/cross.txt
[2019-03-25 18:02:38] INFO [main: CodeCraft-2019.py, 28] answer_path is config/answer.txt
[2019-03-25 18:05:41] INFO [main: CodeCraft-2019.py, 25] car_path is config/car.txt
[2019-03-25 18:05:41] INFO [main: CodeCraft-2019.py, 26] road_path is config/road.txt
[2019-03-25 18:05:41] INFO [main: CodeCraft-2019.py, 27] cross_path is config/cross.txt
[2019-03-25 18:05:41] INFO [main: CodeCraft-2019.py, 28] answer_path is config/answer.txt
[2019-03-25 18:06:19] INFO [main: CodeCraft-2019.py, 25] car_path is config/car.txt
[2019-03-25 18:06:19] INFO [main: CodeCraft-2019.py, 26] road_path is config/road.txt
[2019-03-25 18:06:19] INFO [main: CodeCraft-2019.py, 27] cross_path is config/cross.txt
[2019-03-25 18:06:19] INFO [main: CodeCraft-2019.py, 28] answer_path is config/answer.txt
[2019-03-25 18:06:42] INFO [main: CodeCraft-2019.py, 25] car_path is config/car.txt
[2019-03-25 18:06:42] INFO [main: CodeCraft-2019.py, 26] road_path is config/road.txt
[2019-03-25 18:06:42] INFO [main: CodeCraft-2019.py, 27] cross_path is config/cross.txt
[2019-03-25 18:06:42] INFO [main: CodeCraft-2019.py, 28] answer_path is config/answer.txt
[2019-03-25 18:07:07] INFO [main: CodeCraft-2019.py, 25] car_path is config/car.txt
[2019-03-25 18:07:07] INFO [main: CodeCraft-2019.py, 26] road_path is config/road.txt
[2019-03-25 18:07:07] INFO [main: CodeCraft-2019.py, 27] cross_path is config/cross.txt
[2019-03-25 18:07:07] INFO [main: CodeCraft-2019.py, 28] answer_path is config/answer.txt
[2019-03-25 18:07:24] INFO [main: CodeCraft-2019.py, 25] car_path is config/car.txt
[2019-03-25 18:07:24] INFO [main: CodeCraft-2019.py, 26] road_path is config/road.txt
[2019-03-25 18:07:24] INFO [main: CodeCraft-2019.py, 27] cross_path is config/cross.txt
[2019-03-25 18:07:24] INFO [main: CodeCraft-2019.py, 28] answer_path is config/answer.txt
[2019-03-25 18:07:49] INFO [main: CodeCraft-2019.py, 25] car_path is config/car.txt
[2019-03-25 18:07:49] INFO [main: CodeCraft-2019.py, 26] road_path is config/road.txt
[2019-03-25 18:07:49] INFO [main: CodeCraft-2019.py, 27] cross_path is config/cross.txt
[2019-03-25 18:07:49] INFO [main: CodeCraft-2019.py, 28] answer_path is config/answer.txt
[2019-03-25 18:08:07] INFO [main: CodeCraft-2019.py, 25] car_path is config/car.txt
[2019-03-25 18:08:07] INFO [main: CodeCraft-2019.py, 26] road_path is config/road.txt
[2019-03-25 18:08:07] INFO [main: CodeCraft-2019.py, 27] cross_path is config/cross.txt
[2019-03-25 18:08:07] INFO [main: CodeCraft-2019.py, 28] answer_path is config/answer.txt
[2019-03-25 18:13:28] INFO [main: CodeCraft-2019.py, 25] car_path is config/car.txt
[2019-03-25 18:13:28] INFO [main: CodeCraft-2019.py, 26] road_path is config/road.txt
[2019-03-25 18:13:28] INFO [main: CodeCraft-2019.py, 27] cross_path is config/cross.txt
[2019-03-25 18:13:28] INFO [main: CodeCraft-2019.py, 28] answer_path is config/answer.txt
[2019-03-25 18:13:42] INFO [main: CodeCraft-2019.py, 25] car_path is config/car.txt
[2019-03-25 18:13:42] INFO [main: CodeCraft-2019.py, 26] road_path is config/road.txt
[2019-03-25 18:13:42] INFO [main: CodeCraft-2019.py, 27] cross_path is config/cross.txt
[2019-03-25 18:13:42] INFO [main: CodeCraft-2019.py, 28] answer_path is config/answer.txt
[2019-03-25 18:14:44] INFO [main: CodeCraft-2019.py, 25] car_path is config/car.txt
[2019-03-25 18:14:44] INFO [main: CodeCraft-2019.py, 26] road_path is config/road.txt
[2019-03-25 18:14:44] INFO [main: CodeCraft-2019.py, 27] cross_path is config/cross.txt
[2019-03-25 18:14:44] INFO [main: CodeCraft-2019.py, 28] answer_path is config/answer.txt
[2019-03-25 18:16:35] INFO [main: CodeCraft-2019.py, 25] car_path is config/car.txt
[2019-03-25 18:16:35] INFO [main: CodeCraft-2019.py, 26] road_path is config/road.txt
[2019-03-25 18:16:35] INFO [main: CodeCraft-2019.py, 27] cross_path is config/cross.txt
[2019-03-25 18:16:35] INFO [main: CodeCraft-2019.py, 28] answer_path is config/answer.txt
[2019-03-25 18:17:14] INFO [main: CodeCraft-2019.py, 25] car_path is config/car.txt
[2019-03-25 18:17:14] INFO [main: CodeCraft-2019.py, 26] road_path is config/road.txt
[2019-03-25 18:17:14] INFO [main: CodeCraft-2019.py, 27] cross_path is config/cross.txt
[2019-03-25 18:17:14] INFO [main: CodeCraft-2019.py, 28] answer_path is config/answer.txt
[2019-03-25 18:17:23] INFO [main: CodeCraft-2019.py, 25] car_path is config/car.txt
[2019-03-25 18:17:23] INFO [main: CodeCraft-2019.py, 26] road_path is config/road.txt
[2019-03-25 18:17:23] INFO [main: CodeCraft-2019.py, 27] cross_path is config/cross.txt
[2019-03-25 18:17:23] INFO [main: CodeCraft-2019.py, 28] answer_path is config/answer.txt
[2019-03-25 18:18:39] INFO [main: CodeCraft-2019.py, 25] car_path is config/car.txt
[2019-03-25 18:18:39] INFO [main: CodeCraft-2019.py, 26] road_path is config/road.txt
[2019-03-25 18:18:39] INFO [main: CodeCraft-2019.py, 27] cross_path is config/cross.txt
[2019-03-25 18:18:39] INFO [main: CodeCraft-2019.py, 28] answer_path is config/answer.txt
[2019-03-25 18:18:54] INFO [main: CodeCraft-2019.py, 25] car_path is config/car.txt
[2019-03-25 18:18:54] INFO [main: CodeCraft-2019.py, 26] road_path is config/road.txt
[2019-03-25 18:18:54] INFO [main: CodeCraft-2019.py, 27] cross_path is config/cross.txt
[2019-03-25 18:18:54] INFO [main: CodeCraft-2019.py, 28] answer_path is config/answer.txt
[2019-03-25 19:29:35] INFO [main: CodeCraft-2019.py, 25] car_path is config/car.txt
[2019-03-25 19:29:35] INFO [main: CodeCraft-2019.py, 26] road_path is config/road.txt
[2019-03-25 19:29:35] INFO [main: CodeCraft-2019.py, 27] cross_path is config/cross.txt
[2019-03-25 19:29:35] INFO [main: CodeCraft-2019.py, 28] answer_path is config/answer.txt
[2019-03-25 19:30:01] INFO [main: CodeCraft-2019.py, 25] car_path is config/car.txt
[2019-03-25 19:30:01] INFO [main: CodeCraft-2019.py, 26] road_path is config/road.txt
[2019-03-25 19:30:01] INFO [main: CodeCraft-2019.py, 27] cross_path is config/cross.txt
[2019-03-25 19:30:01] INFO [main: CodeCraft-2019.py, 28] answer_path is config/answer.txt
[2019-03-25 19:31:00] INFO [main: CodeCraft-2019.py, 25] car_path is config/car.txt
[2019-03-25 19:31:00] INFO [main: CodeCraft-2019.py, 26] road_path is config/road.txt
[2019-03-25 19:31:00] INFO [main: CodeCraft-2019.py, 27] cross_path is config/cross.txt
[2019-03-25 19:31:00] INFO [main: CodeCraft-2019.py, 28] answer_path is config/answer.txt
[2019-03-25 19:32:10] INFO [main: CodeCraft-2019.py, 25] car_path is config/car.txt
[2019-03-25 19:32:10] INFO [main: CodeCraft-2019.py, 26] road_path is config/road.txt
[2019-03-25 19:32:10] INFO [main: CodeCraft-2019.py, 27] cross_path is config/cross.txt
[2019-03-25 19:32:10] INFO [main: CodeCraft-2019.py, 28] answer_path is config/answer.txt
[2019-03-25 19:33:14] INFO [main: CodeCraft-2019.py, 25] car_path is config/car.txt
[2019-03-25 19:33:14] INFO [main: CodeCraft-2019.py, 26] road_path is config/road.txt
[2019-03-25 19:33:14] INFO [main: CodeCraft-2019.py, 27] cross_path is config/cross.txt
[2019-03-25 19:33:14] INFO [main: CodeCraft-2019.py, 28] answer_path is config/answer.txt
[2019-03-25 19:33:38] INFO [main: CodeCraft-2019.py, 25] car_path is config/car.txt
[2019-03-25 19:33:38] INFO [main: CodeCraft-2019.py, 26] road_path is config/road.txt
[2019-03-25 19:33:38] INFO [main: CodeCraft-2019.py, 27] cross_path is config/cross.txt
[2019-03-25 19:33:38] INFO [main: CodeCraft-2019.py, 28] answer_path is config/answer.txt
[2019-03-25 19:35:04] INFO [main: CodeCraft-2019.py, 25] car_path is config/car.txt
[2019-03-25 19:35:04] INFO [main: CodeCraft-2019.py, 26] road_path is config/road.txt
[2019-03-25 19:35:04] INFO [main: CodeCraft-2019.py, 27] cross_path is config/cross.txt
[2019-03-25 19:35:04] INFO [main: CodeCraft-2019.py, 28] answer_path is config/answer.txt
[2019-03-25 19:39:00] INFO [main: CodeCraft-2019.py, 25] car_path is config/car.txt
[2019-03-25 19:39:00] INFO [main: CodeCraft-2019.py, 26] road_path is config/road.txt
[2019-03-25 19:39:00] INFO [main: CodeCraft-2019.py, 27] cross_path is config/cross.txt
[2019-03-25 19:39:00] INFO [main: CodeCraft-2019.py, 28] answer_path is config/answer.txt
[2019-03-25 19:41:32] INFO [main: CodeCraft-2019.py, 25] car_path is config/car.txt
[2019-03-25 19:41:32] INFO [main: CodeCraft-2019.py, 26] road_path is config/road.txt
[2019-03-25 19:41:32] INFO [main: CodeCraft-2019.py, 27] cross_path is config/cross.txt
[2019-03-25 19:41:32] INFO [main: CodeCraft-2019.py, 28] answer_path is config/answer.txt
[2019-03-25 19:43:18] INFO [main: CodeCraft-2019.py, 25] car_path is config/car.txt
[2019-03-25 19:43:18] INFO [main: CodeCraft-2019.py, 26] road_path is config/road.txt
[2019-03-25 19:43:18] INFO [main: CodeCraft-2019.py, 27] cross_path is config/cross.txt
[2019-03-25 19:43:18] INFO [main: CodeCraft-2019.py, 28] answer_path is config/answer.txt
[2019-03-25 19:46:59] INFO [main: CodeCraft-2019.py, 25] car_path is config/car.txt
[2019-03-25 19:46:59] INFO [main: CodeCraft-2019.py, 26] road_path is config/road.txt
[2019-03-25 19:46:59] INFO [main: CodeCraft-2019.py, 27] cross_path is config/cross.txt
[2019-03-25 19:46:59] INFO [main: CodeCraft-2019.py, 28] answer_path is config/answer.txt
[2019-03-25 19:47:37] INFO [main: CodeCraft-2019.py, 25] car_path is config/car.txt
[2019-03-25 19:47:37] INFO [main: CodeCraft-2019.py, 26] road_path is config/road.txt
[2019-03-25 19:47:37] INFO [main: CodeCraft-2019.py, 27] cross_path is config/cross.txt
[2019-03-25 19:47:37] INFO [main: CodeCraft-2019.py, 28] answer_path is config/answer.txt
[2019-03-25 19:48:32] INFO [main: CodeCraft-2019.py, 25] car_path is config/car.txt
[2019-03-25 19:48:32] INFO [main: CodeCraft-2019.py, 26] road_path is config/road.txt
[2019-03-25 19:48:32] INFO [main: CodeCraft-2019.py, 27] cross_path is config/cross.txt
[2019-03-25 19:48:32] INFO [main: CodeCraft-2019.py, 28] answer_path is config/answer.txt
[2019-03-25 19:50:02] INFO [main: CodeCraft-2019.py, 25] car_path is config/car.txt
[2019-03-25 19:50:02] INFO [main: CodeCraft-2019.py, 26] road_path is config/road.txt
[2019-03-25 19:50:02] INFO [main: CodeCraft-2019.py, 27] cross_path is config/cross.txt
[2019-03-25 19:50:02] INFO [main: CodeCraft-2019.py, 28] answer_path is config/answer.txt
[2019-03-25 19:50:21] INFO [main: CodeCraft-2019.py, 25] car_path is config/car.txt
[2019-03-25 19:50:21] INFO [main: CodeCraft-2019.py, 26] road_path is config/road.txt
[2019-03-25 19:50:21] INFO [main: CodeCraft-2019.py, 27] cross_path is config/cross.txt
[2019-03-25 19:50:21] INFO [main: CodeCraft-2019.py, 28] answer_path is config/answer.txt
[2019-03-25 19:50:35] INFO [main: CodeCraft-2019.py, 25] car_path is config/car.txt
[2019-03-25 19:50:35] INFO [main: CodeCraft-2019.py, 26] road_path is config/road.txt
[2019-03-25 19:50:35] INFO [main: CodeCraft-2019.py, 27] cross_path is config/cross.txt
[2019-03-25 19:50:35] INFO [main: CodeCraft-2019.py, 28] answer_path is config/answer.txt
[2019-03-25 19:53:05] INFO [main: CodeCraft-2019.py, 25] car_path is config/car.txt
[2019-03-25 19:53:05] INFO [main: CodeCraft-2019.py, 26] road_path is config/road.txt
[2019-03-25 19:53:05] INFO [main: CodeCraft-2019.py, 27] cross_path is config/cross.txt
[2019-03-25 19:53:05] INFO [main: CodeCraft-2019.py, 28] answer_path is config/answer.txt
[2019-03-25 19:53:28] INFO [main: CodeCraft-2019.py, 25] car_path is config/car.txt
[2019-03-25 19:53:28] INFO [main: CodeCraft-2019.py, 26] road_path is config/road.txt
[2019-03-25 19:53:28] INFO [main: CodeCraft-2019.py, 27] cross_path is config/cross.txt
[2019-03-25 19:53:28] INFO [main: CodeCraft-2019.py, 28] answer_path is config/answer.txt
[2019-03-25 19:53:56] INFO [main: CodeCraft-2019.py, 25] car_path is config/car.txt
[2019-03-25 19:53:56] INFO [main: CodeCraft-2019.py, 26] road_path is config/road.txt
[2019-03-25 19:53:56] INFO [main: CodeCraft-2019.py, 27] cross_path is config/cross.txt
[2019-03-25 19:53:56] INFO [main: CodeCraft-2019.py, 28] answer_path is config/answer.txt
[2019-03-25 19:54:28] INFO [main: CodeCraft-2019.py, 25] car_path is config/car.txt
[2019-03-25 19:54:28] INFO [main: CodeCraft-2019.py, 26] road_path is config/road.txt
[2019-03-25 19:54:28] INFO [main: CodeCraft-2019.py, 27] cross_path is config/cross.txt
[2019-03-25 19:54:28] INFO [main: CodeCraft-2019.py, 28] answer_path is config/answer.txt
[2019-03-25 19:55:13] INFO [main: CodeCraft-2019.py, 25] car_path is config/car.txt
[2019-03-25 19:55:13] INFO [main: CodeCraft-2019.py, 26] road_path is config/road.txt
[2019-03-25 19:55:13] INFO [main: CodeCraft-2019.py, 27] cross_path is config/cross.txt
[2019-03-25 19:55:13] INFO [main: CodeCraft-2019.py, 28] answer_path is config/answer.txt
[2019-03-25 19:57:21] INFO [main: CodeCraft-2019.py, 25] car_path is config/car.txt
[2019-03-25 19:57:21] INFO [main: CodeCraft-2019.py, 26] road_path is config/road.txt
[2019-03-25 19:57:21] INFO [main: CodeCraft-2019.py, 27] cross_path is config/cross.txt
[2019-03-25 19:57:21] INFO [main: CodeCraft-2019.py, 28] answer_path is config/answer.txt
[2019-03-25 19:57:26] INFO [main: CodeCraft-2019.py, 25] car_path is config/car.txt
[2019-03-25 19:57:26] INFO [main: CodeCraft-2019.py, 26] road_path is config/road.txt
[2019-03-25 19:57:26] INFO [main: CodeCraft-2019.py, 27] cross_path is config/cross.txt
[2019-03-25 19:57:26] INFO [main: CodeCraft-2019.py, 28] answer_path is config/answer.txt
[2019-03-25 19:58:09] INFO [main: CodeCraft-2019.py, 25] car_path is config/car.txt
[2019-03-25 19:58:09] INFO [main: CodeCraft-2019.py, 26] road_path is config/road.txt
[2019-03-25 19:58:09] INFO [main: CodeCraft-2019.py, 27] cross_path is config/cross.txt
[2019-03-25 19:58:09] INFO [main: CodeCraft-2019.py, 28] answer_path is config/answer.txt
[2019-03-25 19:58:53] INFO [main: CodeCraft-2019.py, 25] car_path is config/car.txt
[2019-03-25 19:58:53] INFO [main: CodeCraft-2019.py, 26] road_path is config/road.txt
[2019-03-25 19:58:53] INFO [main: CodeCraft-2019.py, 27] cross_path is config/cross.txt
[2019-03-25 19:58:53] INFO [main: CodeCraft-2019.py, 28] answer_path is config/answer.txt
[2019-03-25 19:59:50] INFO [main: CodeCraft-2019.py, 25] car_path is config/car.txt
[2019-03-25 19:59:50] INFO [main: CodeCraft-2019.py, 26] road_path is config/road.txt
[2019-03-25 19:59:50] INFO [main: CodeCraft-2019.py, 27] cross_path is config/cross.txt
[2019-03-25 19:59:50] INFO [main: CodeCraft-2019.py, 28] answer_path is config/answer.txt
[2019-03-25 20:00:02] INFO [main: CodeCraft-2019.py, 25] car_path is config/car.txt
[2019-03-25 20:00:02] INFO [main: CodeCraft-2019.py, 26] road_path is config/road.txt
[2019-03-25 20:00:02] INFO [main: CodeCraft-2019.py, 27] cross_path is config/cross.txt
[2019-03-25 20:00:02] INFO [main: CodeCraft-2019.py, 28] answer_path is config/answer.txt
[2019-03-25 20:00:48] INFO [main: CodeCraft-2019.py, 25] car_path is config/car.txt
[2019-03-25 20:00:48] INFO [main: CodeCraft-2019.py, 26] road_path is config/road.txt
[2019-03-25 20:00:48] INFO [main: CodeCraft-2019.py, 27] cross_path is config/cross.txt
[2019-03-25 20:00:48] INFO [main: CodeCraft-2019.py, 28] answer_path is config/answer.txt
[2019-03-25 20:03:44] INFO [main: CodeCraft-2019.py, 25] car_path is config/car.txt
[2019-03-25 20:03:44] INFO [main: CodeCraft-2019.py, 26] road_path is config/road.txt
[2019-03-25 20:03:44] INFO [main: CodeCraft-2019.py, 27] cross_path is config/cross.txt
[2019-03-25 20:03:44] INFO [main: CodeCraft-2019.py, 28] answer_path is config/answer.txt
[2019-03-25 20:03:58] INFO [main: CodeCraft-2019.py, 25] car_path is config/car.txt
[2019-03-25 20:03:58] INFO [main: CodeCraft-2019.py, 26] road_path is config/road.txt
[2019-03-25 20:03:58] INFO [main: CodeCraft-2019.py, 27] cross_path is config/cross.txt
[2019-03-25 20:03:58] INFO [main: CodeCraft-2019.py, 28] answer_path is config/answer.txt
[2019-03-25 20:05:13] INFO [main: CodeCraft-2019.py, 25] car_path is config/car.txt
[2019-03-25 20:05:13] INFO [main: CodeCraft-2019.py, 26] road_path is config/road.txt
[2019-03-25 20:05:13] INFO [main: CodeCraft-2019.py, 27] cross_path is config/cross.txt
[2019-03-25 20:05:13] INFO [main: CodeCraft-2019.py, 28] answer_path is config/answer.txt
[2019-03-25 20:06:00] INFO [main: CodeCraft-2019.py, 25] car_path is config/car.txt
[2019-03-25 20:06:00] INFO [main: CodeCraft-2019.py, 26] road_path is config/road.txt
[2019-03-25 20:06:00] INFO [main: CodeCraft-2019.py, 27] cross_path is config/cross.txt
[2019-03-25 20:06:00] INFO [main: CodeCraft-2019.py, 28] answer_path is config/answer.txt
[2019-03-25 20:06:36] INFO [main: CodeCraft-2019.py, 25] car_path is config/car.txt
[2019-03-25 20:06:36] INFO [main: CodeCraft-2019.py, 26] road_path is config/road.txt
[2019-03-25 20:06:36] INFO [main: CodeCraft-2019.py, 27] cross_path is config/cross.txt
[2019-03-25 20:06:36] INFO [main: CodeCraft-2019.py, 28] answer_path is config/answer.txt
[2019-03-25 20:07:28] INFO [main: CodeCraft-2019.py, 25] car_path is config/car.txt
[2019-03-25 20:07:28] INFO [main: CodeCraft-2019.py, 26] road_path is config/road.txt
[2019-03-25 20:07:28] INFO [main: CodeCraft-2019.py, 27] cross_path is config/cross.txt
[2019-03-25 20:07:28] INFO [main: CodeCraft-2019.py, 28] answer_path is config/answer.txt
[2019-03-25 20:14:42] INFO [main: CodeCraft-2019.py, 25] car_path is config/car.txt
[2019-03-25 20:14:42] INFO [main: CodeCraft-2019.py, 26] road_path is config/road.txt
[2019-03-25 20:14:42] INFO [main: CodeCraft-2019.py, 27] cross_path is config/cross.txt
[2019-03-25 20:14:42] INFO [main: CodeCraft-2019.py, 28] answer_path is config/answer.txt
[2019-03-25 20:15:18] INFO [main: CodeCraft-2019.py, 25] car_path is config/car.txt
[2019-03-25 20:15:18] INFO [main: CodeCraft-2019.py, 26] road_path is config/road.txt
[2019-03-25 20:15:18] INFO [main: CodeCraft-2019.py, 27] cross_path is config/cross.txt
[2019-03-25 20:15:18] INFO [main: CodeCraft-2019.py, 28] answer_path is config/answer.txt
[2019-03-25 20:15:27] INFO [main: CodeCraft-2019.py, 25] car_path is config/car.txt
[2019-03-25 20:15:27] INFO [main: CodeCraft-2019.py, 26] road_path is config/road.txt
[2019-03-25 20:15:27] INFO [main: CodeCraft-2019.py, 27] cross_path is config/cross.txt
[2019-03-25 20:15:27] INFO [main: CodeCraft-2019.py, 28] answer_path is config/answer.txt
[2019-03-25 20:16:58] INFO [main: CodeCraft-2019.py, 25] car_path is config/car.txt
[2019-03-25 20:16:58] INFO [main: CodeCraft-2019.py, 26] road_path is config/road.txt
[2019-03-25 20:16:58] INFO [main: CodeCraft-2019.py, 27] cross_path is config/cross.txt
[2019-03-25 20:16:58] INFO [main: CodeCraft-2019.py, 28] answer_path is config/answer.txt
[2019-03-25 20:18:45] INFO [main: CodeCraft-2019.py, 25] car_path is config/car.txt
[2019-03-25 20:18:45] INFO [main: CodeCraft-2019.py, 26] road_path is config/road.txt
[2019-03-25 20:18:45] INFO [main: CodeCraft-2019.py, 27] cross_path is config/cross.txt
[2019-03-25 20:18:45] INFO [main: CodeCraft-2019.py, 28] answer_path is config/answer.txt
[2019-03-25 20:19:07] INFO [main: CodeCraft-2019.py, 25] car_path is config/car.txt
[2019-03-25 20:19:07] INFO [main: CodeCraft-2019.py, 26] road_path is config/road.txt
[2019-03-25 20:19:07] INFO [main: CodeCraft-2019.py, 27] cross_path is config/cross.txt
[2019-03-25 20:19:07] INFO [main: CodeCraft-2019.py, 28] answer_path is config/answer.txt
[2019-03-25 20:20:20] INFO [main: CodeCraft-2019.py, 25] car_path is config/car.txt
[2019-03-25 20:20:20] INFO [main: CodeCraft-2019.py, 26] road_path is config/road.txt
[2019-03-25 20:20:20] INFO [main: CodeCraft-2019.py, 27] cross_path is config/cross.txt
[2019-03-25 20:20:20] INFO [main: CodeCraft-2019.py, 28] answer_path is config/answer.txt
[2019-03-25 20:20:58] INFO [main: CodeCraft-2019.py, 25] car_path is config/car.txt
[2019-03-25 20:20:58] INFO [main: CodeCraft-2019.py, 26] road_path is config/road.txt
[2019-03-25 20:20:58] INFO [main: CodeCraft-2019.py, 27] cross_path is config/cross.txt
[2019-03-25 20:20:58] INFO [main: CodeCraft-2019.py, 28] answer_path is config/answer.txt
[2019-03-25 20:21:53] INFO [main: CodeCraft-2019.py, 25] car_path is config/car.txt
[2019-03-25 20:21:53] INFO [main: CodeCraft-2019.py, 26] road_path is config/road.txt
[2019-03-25 20:21:53] INFO [main: CodeCraft-2019.py, 27] cross_path is config/cross.txt
[2019-03-25 20:21:53] INFO [main: CodeCraft-2019.py, 28] answer_path is config/answer.txt
[2019-03-25 20:22:15] INFO [main: CodeCraft-2019.py, 25] car_path is config/car.txt
[2019-03-25 20:22:15] INFO [main: CodeCraft-2019.py, 26] road_path is config/road.txt
[2019-03-25 20:22:15] INFO [main: CodeCraft-2019.py, 27] cross_path is config/cross.txt
[2019-03-25 20:22:15] INFO [main: CodeCraft-2019.py, 28] answer_path is config/answer.txt
[2019-03-25 20:23:27] INFO [main: CodeCraft-2019.py, 25] car_path is config/car.txt
[2019-03-25 20:23:27] INFO [main: CodeCraft-2019.py, 26] road_path is config/road.txt
[2019-03-25 20:23:27] INFO [main: CodeCraft-2019.py, 27] cross_path is config/cross.txt
[2019-03-25 20:23:27] INFO [main: CodeCraft-2019.py, 28] answer_path is config/answer.txt
[2019-03-25 20:24:29] INFO [main: CodeCraft-2019.py, 25] car_path is config/car.txt
[2019-03-25 20:24:29] INFO [main: CodeCraft-2019.py, 26] road_path is config/road.txt
[2019-03-25 20:24:29] INFO [main: CodeCraft-2019.py, 27] cross_path is config/cross.txt
[2019-03-25 20:24:29] INFO [main: CodeCraft-2019.py, 28] answer_path is config/answer.txt
[2019-03-25 20:24:38] INFO [main: CodeCraft-2019.py, 25] car_path is config/car.txt
[2019-03-25 20:24:38] INFO [main: CodeCraft-2019.py, 26] road_path is config/road.txt
[2019-03-25 20:24:38] INFO [main: CodeCraft-2019.py, 27] cross_path is config/cross.txt
[2019-03-25 20:24:38] INFO [main: CodeCraft-2019.py, 28] answer_path is config/answer.txt
[2019-03-25 20:28:43] INFO [main: CodeCraft-2019.py, 25] car_path is config/car.txt
[2019-03-25 20:28:43] INFO [main: CodeCraft-2019.py, 26] road_path is config/road.txt
[2019-03-25 20:28:43] INFO [main: CodeCraft-2019.py, 27] cross_path is config/cross.txt
[2019-03-25 20:28:43] INFO [main: CodeCraft-2019.py, 28] answer_path is config/answer.txt
[2019-03-25 20:29:09] INFO [main: CodeCraft-2019.py, 25] car_path is config/car.txt
[2019-03-25 20:29:09] INFO [main: CodeCraft-2019.py, 26] road_path is config/road.txt
[2019-03-25 20:29:09] INFO [main: CodeCraft-2019.py, 27] cross_path is config/cross.txt
[2019-03-25 20:29:09] INFO [main: CodeCraft-2019.py, 28] answer_path is config/answer.txt
[2019-03-25 20:29:49] INFO [main: CodeCraft-2019.py, 25] car_path is config/car.txt
[2019-03-25 20:29:49] INFO [main: CodeCraft-2019.py, 26] road_path is config/road.txt
[2019-03-25 20:29:49] INFO [main: CodeCraft-2019.py, 27] cross_path is config/cross.txt
[2019-03-25 20:29:49] INFO [main: CodeCraft-2019.py, 28] answer_path is config/answer.txt
[2019-03-25 20:29:56] INFO [main: CodeCraft-2019.py, 25] car_path is config/car.txt
[2019-03-25 20:29:56] INFO [main: CodeCraft-2019.py, 26] road_path is config/road.txt
[2019-03-25 20:29:56] INFO [main: CodeCraft-2019.py, 27] cross_path is config/cross.txt
[2019-03-25 20:29:56] INFO [main: CodeCraft-2019.py, 28] answer_path is config/answer.txt
[2019-03-25 20:30:04] INFO [main: CodeCraft-2019.py, 25] car_path is config/car.txt
[2019-03-25 20:30:04] INFO [main: CodeCraft-2019.py, 26] road_path is config/road.txt
[2019-03-25 20:30:04] INFO [main: CodeCraft-2019.py, 27] cross_path is config/cross.txt
[2019-03-25 20:30:04] INFO [main: CodeCraft-2019.py, 28] answer_path is config/answer.txt
[2019-03-25 20:30:23] INFO [main: CodeCraft-2019.py, 25] car_path is config/car.txt
[2019-03-25 20:30:23] INFO [main: CodeCraft-2019.py, 26] road_path is config/road.txt
[2019-03-25 20:30:23] INFO [main: CodeCraft-2019.py, 27] cross_path is config/cross.txt
[2019-03-25 20:30:23] INFO [main: CodeCraft-2019.py, 28] answer_path is config/answer.txt
[2019-03-25 20:31:28] INFO [main: CodeCraft-2019.py, 25] car_path is config/car.txt
[2019-03-25 20:31:28] INFO [main: CodeCraft-2019.py, 26] road_path is config/road.txt
[2019-03-25 20:31:28] INFO [main: CodeCraft-2019.py, 27] cross_path is config/cross.txt
[2019-03-25 20:31:28] INFO [main: CodeCraft-2019.py, 28] answer_path is config/answer.txt
[2019-03-25 20:31:49] INFO [main: CodeCraft-2019.py, 25] car_path is config/car.txt
[2019-03-25 20:31:49] INFO [main: CodeCraft-2019.py, 26] road_path is config/road.txt
[2019-03-25 20:31:49] INFO [main: CodeCraft-2019.py, 27] cross_path is config/cross.txt
[2019-03-25 20:31:49] INFO [main: CodeCraft-2019.py, 28] answer_path is config/answer.txt
[2019-03-25 20:32:49] INFO [main: CodeCraft-2019.py, 25] car_path is config/car.txt
[2019-03-25 20:32:49] INFO [main: CodeCraft-2019.py, 26] road_path is config/road.txt
[2019-03-25 20:32:49] INFO [main: CodeCraft-2019.py, 27] cross_path is config/cross.txt
[2019-03-25 20:32:49] INFO [main: CodeCraft-2019.py, 28] answer_path is config/answer.txt
[2019-03-25 20:35:03] INFO [main: CodeCraft-2019.py, 25] car_path is config/car.txt
[2019-03-25 20:35:03] INFO [main: CodeCraft-2019.py, 26] road_path is config/road.txt
[2019-03-25 20:35:03] INFO [main: CodeCraft-2019.py, 27] cross_path is config/cross.txt
[2019-03-25 20:35:03] INFO [main: CodeCraft-2019.py, 28] answer_path is config/answer.txt
[2019-03-25 20:35:22] INFO [main: CodeCraft-2019.py, 25] car_path is config/car.txt
[2019-03-25 20:35:22] INFO [main: CodeCraft-2019.py, 26] road_path is config/road.txt
[2019-03-25 20:35:22] INFO [main: CodeCraft-2019.py, 27] cross_path is config/cross.txt
[2019-03-25 20:35:22] INFO [main: CodeCraft-2019.py, 28] answer_path is config/answer.txt
[2019-03-25 20:35:41] INFO [main: CodeCraft-2019.py, 25] car_path is config/car.txt
[2019-03-25 20:35:41] INFO [main: CodeCraft-2019.py, 26] road_path is config/road.txt
[2019-03-25 20:35:41] INFO [main: CodeCraft-2019.py, 27] cross_path is config/cross.txt
[2019-03-25 20:35:41] INFO [main: CodeCraft-2019.py, 28] answer_path is config/answer.txt
[2019-03-25 20:37:21] INFO [main: CodeCraft-2019.py, 25] car_path is config/car.txt
[2019-03-25 20:37:21] INFO [main: CodeCraft-2019.py, 26] road_path is config/road.txt
[2019-03-25 20:37:21] INFO [main: CodeCraft-2019.py, 27] cross_path is config/cross.txt
[2019-03-25 20:37:21] INFO [main: CodeCraft-2019.py, 28] answer_path is config/answer.txt
[2019-03-25 20:38:46] INFO [main: CodeCraft-2019.py, 25] car_path is config/car.txt
[2019-03-25 20:38:46] INFO [main: CodeCraft-2019.py, 26] road_path is config/road.txt
[2019-03-25 20:38:46] INFO [main: CodeCraft-2019.py, 27] cross_path is config/cross.txt
[2019-03-25 20:38:46] INFO [main: CodeCraft-2019.py, 28] answer_path is config/answer.txt
[2019-03-25 20:41:40] INFO [main: CodeCraft-2019.py, 25] car_path is config/car.txt
[2019-03-25 20:41:40] INFO [main: CodeCraft-2019.py, 26] road_path is config/road.txt
[2019-03-25 20:41:40] INFO [main: CodeCraft-2019.py, 27] cross_path is config/cross.txt
[2019-03-25 20:41:40] INFO [main: CodeCraft-2019.py, 28] answer_path is config/answer.txt
[2019-03-25 20:43:07] INFO [main: CodeCraft-2019.py, 25] car_path is config/car.txt
[2019-03-25 20:43:07] INFO [main: CodeCraft-2019.py, 26] road_path is config/road.txt
[2019-03-25 20:43:07] INFO [main: CodeCraft-2019.py, 27] cross_path is config/cross.txt
[2019-03-25 20:43:07] INFO [main: CodeCraft-2019.py, 28] answer_path is config/answer.txt
[2019-03-25 20:44:31] INFO [main: CodeCraft-2019.py, 25] car_path is config/car.txt
[2019-03-25 20:44:31] INFO [main: CodeCraft-2019.py, 26] road_path is config/road.txt
[2019-03-25 20:44:31] INFO [main: CodeCraft-2019.py, 27] cross_path is config/cross.txt
[2019-03-25 20:44:31] INFO [main: CodeCraft-2019.py, 28] answer_path is config/answer.txt
[2019-03-25 20:45:04] INFO [main: CodeCraft-2019.py, 25] car_path is config/car.txt
[2019-03-25 20:45:04] INFO [main: CodeCraft-2019.py, 26] road_path is config/road.txt
[2019-03-25 20:45:04] INFO [main: CodeCraft-2019.py, 27] cross_path is config/cross.txt
[2019-03-25 20:45:04] INFO [main: CodeCraft-2019.py, 28] answer_path is config/answer.txt
[2019-03-25 20:45:25] INFO [main: CodeCraft-2019.py, 25] car_path is config/car.txt
[2019-03-25 20:45:25] INFO [main: CodeCraft-2019.py, 26] road_path is config/road.txt
[2019-03-25 20:45:25] INFO [main: CodeCraft-2019.py, 27] cross_path is config/cross.txt
[2019-03-25 20:45:25] INFO [main: CodeCraft-2019.py, 28] answer_path is config/answer.txt
[2019-03-25 20:45:48] INFO [main: CodeCraft-2019.py, 25] car_path is config/car.txt
[2019-03-25 20:45:48] INFO [main: CodeCraft-2019.py, 26] road_path is config/road.txt
[2019-03-25 20:45:48] INFO [main: CodeCraft-2019.py, 27] cross_path is config/cross.txt
[2019-03-25 20:45:48] INFO [main: CodeCraft-2019.py, 28] answer_path is config/answer.txt
[2019-03-25 20:47:16] INFO [main: CodeCraft-2019.py, 25] car_path is config/car.txt
[2019-03-25 20:47:16] INFO [main: CodeCraft-2019.py, 26] road_path is config/road.txt
[2019-03-25 20:47:16] INFO [main: CodeCraft-2019.py, 27] cross_path is config/cross.txt
[2019-03-25 20:47:16] INFO [main: CodeCraft-2019.py, 28] answer_path is config/answer.txt
[2019-03-25 20:48:30] INFO [main: CodeCraft-2019.py, 25] car_path is config/car.txt
[2019-03-25 20:48:30] INFO [main: CodeCraft-2019.py, 26] road_path is config/road.txt
[2019-03-25 20:48:30] INFO [main: CodeCraft-2019.py, 27] cross_path is config/cross.txt
[2019-03-25 20:48:30] INFO [main: CodeCraft-2019.py, 28] answer_path is config/answer.txt
[2019-03-25 20:48:40] INFO [main: CodeCraft-2019.py, 25] car_path is config/car.txt
[2019-03-25 20:48:40] INFO [main: CodeCraft-2019.py, 26] road_path is config/road.txt
[2019-03-25 20:48:40] INFO [main: CodeCraft-2019.py, 27] cross_path is config/cross.txt
[2019-03-25 20:48:40] INFO [main: CodeCraft-2019.py, 28] answer_path is config/answer.txt
[2019-03-25 20:50:03] INFO [main: CodeCraft-2019.py, 25] car_path is config/car.txt
[2019-03-25 20:50:03] INFO [main: CodeCraft-2019.py, 26] road_path is config/road.txt
[2019-03-25 20:50:03] INFO [main: CodeCraft-2019.py, 27] cross_path is config/cross.txt
[2019-03-25 20:50:03] INFO [main: CodeCraft-2019.py, 28] answer_path is config/answer.txt
[2019-03-25 20:50:38] INFO [main: CodeCraft-2019.py, 25] car_path is config/car.txt
[2019-03-25 20:50:38] INFO [main: CodeCraft-2019.py, 26] road_path is config/road.txt
[2019-03-25 20:50:38] INFO [main: CodeCraft-2019.py, 27] cross_path is config/cross.txt
[2019-03-25 20:50:38] INFO [main: CodeCraft-2019.py, 28] answer_path is config/answer.txt
[2019-03-25 20:50:55] INFO [main: CodeCraft-2019.py, 25] car_path is config/car.txt
[2019-03-25 20:50:55] INFO [main: CodeCraft-2019.py, 26] road_path is config/road.txt
[2019-03-25 20:50:55] INFO [main: CodeCraft-2019.py, 27] cross_path is config/cross.txt
[2019-03-25 20:50:55] INFO [main: CodeCraft-2019.py, 28] answer_path is config/answer.txt
[2019-03-25 20:51:08] INFO [main: CodeCraft-2019.py, 25] car_path is config/car.txt
[2019-03-25 20:51:08] INFO [main: CodeCraft-2019.py, 26] road_path is config/road.txt
[2019-03-25 20:51:08] INFO [main: CodeCraft-2019.py, 27] cross_path is config/cross.txt
[2019-03-25 20:51:08] INFO [main: CodeCraft-2019.py, 28] answer_path is config/answer.txt
[2019-03-25 20:51:18] INFO [main: CodeCraft-2019.py, 25] car_path is config/car.txt
[2019-03-25 20:51:18] INFO [main: CodeCraft-2019.py, 26] road_path is config/road.txt
[2019-03-25 20:51:18] INFO [main: CodeCraft-2019.py, 27] cross_path is config/cross.txt
[2019-03-25 20:51:18] INFO [main: CodeCraft-2019.py, 28] answer_path is config/answer.txt
[2019-03-25 20:51:39] INFO [main: CodeCraft-2019.py, 25] car_path is config/car.txt
[2019-03-25 20:51:39] INFO [main: CodeCraft-2019.py, 26] road_path is config/road.txt
[2019-03-25 20:51:39] INFO [main: CodeCraft-2019.py, 27] cross_path is config/cross.txt
[2019-03-25 20:51:39] INFO [main: CodeCraft-2019.py, 28] answer_path is config/answer.txt
[2019-03-25 20:52:07] INFO [main: CodeCraft-2019.py, 25] car_path is config/car.txt
[2019-03-25 20:52:07] INFO [main: CodeCraft-2019.py, 26] road_path is config/road.txt
[2019-03-25 20:52:07] INFO [main: CodeCraft-2019.py, 27] cross_path is config/cross.txt
[2019-03-25 20:52:07] INFO [main: CodeCraft-2019.py, 28] answer_path is config/answer.txt
[2019-03-25 20:52:33] INFO [main: CodeCraft-2019.py, 25] car_path is config/car.txt
[2019-03-25 20:52:33] INFO [main: CodeCraft-2019.py, 26] road_path is config/road.txt
[2019-03-25 20:52:33] INFO [main: CodeCraft-2019.py, 27] cross_path is config/cross.txt
[2019-03-25 20:52:33] INFO [main: CodeCraft-2019.py, 28] answer_path is config/answer.txt
[2019-03-25 20:52:51] INFO [main: CodeCraft-2019.py, 25] car_path is config/car.txt
[2019-03-25 20:52:51] INFO [main: CodeCraft-2019.py, 26] road_path is config/road.txt
[2019-03-25 20:52:51] INFO [main: CodeCraft-2019.py, 27] cross_path is config/cross.txt
[2019-03-25 20:52:51] INFO [main: CodeCraft-2019.py, 28] answer_path is config/answer.txt
[2019-03-25 20:53:15] INFO [main: CodeCraft-2019.py, 25] car_path is config/car.txt
[2019-03-25 20:53:15] INFO [main: CodeCraft-2019.py, 26] road_path is config/road.txt
[2019-03-25 20:53:15] INFO [main: CodeCraft-2019.py, 27] cross_path is config/cross.txt
[2019-03-25 20:53:15] INFO [main: CodeCraft-2019.py, 28] answer_path is config/answer.txt
[2019-03-25 20:53:57] INFO [main: CodeCraft-2019.py, 25] car_path is config/car.txt
[2019-03-25 20:53:57] INFO [main: CodeCraft-2019.py, 26] road_path is config/road.txt
[2019-03-25 20:53:57] INFO [main: CodeCraft-2019.py, 27] cross_path is config/cross.txt
[2019-03-25 20:53:57] INFO [main: CodeCraft-2019.py, 28] answer_path is config/answer.txt
[2019-03-25 20:54:51] INFO [main: CodeCraft-2019.py, 25] car_path is config/car.txt
[2019-03-25 20:54:51] INFO [main: CodeCraft-2019.py, 26] road_path is config/road.txt
[2019-03-25 20:54:51] INFO [main: CodeCraft-2019.py, 27] cross_path is config/cross.txt
[2019-03-25 20:54:51] INFO [main: CodeCraft-2019.py, 28] answer_path is config/answer.txt
[2019-03-25 20:55:03] INFO [main: CodeCraft-2019.py, 25] car_path is config/car.txt
[2019-03-25 20:55:03] INFO [main: CodeCraft-2019.py, 26] road_path is config/road.txt
[2019-03-25 20:55:03] INFO [main: CodeCraft-2019.py, 27] cross_path is config/cross.txt
[2019-03-25 20:55:03] INFO [main: CodeCraft-2019.py, 28] answer_path is config/answer.txt
[2019-03-25 20:58:15] INFO [main: CodeCraft-2019.py, 25] car_path is config/car.txt
[2019-03-25 20:58:15] INFO [main: CodeCraft-2019.py, 26] road_path is config/road.txt
[2019-03-25 20:58:15] INFO [main: CodeCraft-2019.py, 27] cross_path is config/cross.txt
[2019-03-25 20:58:15] INFO [main: CodeCraft-2019.py, 28] answer_path is config/answer.txt
[2019-03-25 20:59:35] INFO [main: CodeCraft-2019.py, 25] car_path is config/car.txt
[2019-03-25 20:59:35] INFO [main: CodeCraft-2019.py, 26] road_path is config/road.txt
[2019-03-25 20:59:35] INFO [main: CodeCraft-2019.py, 27] cross_path is config/cross.txt
[2019-03-25 20:59:35] INFO [main: CodeCraft-2019.py, 28] answer_path is config/answer.txt
[2019-03-25 21:01:14] INFO [main: CodeCraft-2019.py, 25] car_path is config/car.txt
[2019-03-25 21:01:14] INFO [main: CodeCraft-2019.py, 26] road_path is config/road.txt
[2019-03-25 21:01:14] INFO [main: CodeCraft-2019.py, 27] cross_path is config/cross.txt
[2019-03-25 21:01:14] INFO [main: CodeCraft-2019.py, 28] answer_path is config/answer.txt
[2019-03-25 21:03:13] INFO [main: CodeCraft-2019.py, 25] car_path is config/car.txt
[2019-03-25 21:03:13] INFO [main: CodeCraft-2019.py, 26] road_path is config/road.txt
[2019-03-25 21:03:13] INFO [main: CodeCraft-2019.py, 27] cross_path is config/cross.txt
[2019-03-25 21:03:13] INFO [main: CodeCraft-2019.py, 28] answer_path is config/answer.txt
[2019-03-25 21:03:31] INFO [main: CodeCraft-2019.py, 25] car_path is config/car.txt
[2019-03-25 21:03:31] INFO [main: CodeCraft-2019.py, 26] road_path is config/road.txt
[2019-03-25 21:03:31] INFO [main: CodeCraft-2019.py, 27] cross_path is config/cross.txt
[2019-03-25 21:03:31] INFO [main: CodeCraft-2019.py, 28] answer_path is config/answer.txt
[2019-03-25 21:05:55] INFO [main: CodeCraft-2019.py, 25] car_path is config/car.txt
[2019-03-25 21:05:55] INFO [main: CodeCraft-2019.py, 26] road_path is config/road.txt
[2019-03-25 21:05:55] INFO [main: CodeCraft-2019.py, 27] cross_path is config/cross.txt
[2019-03-25 21:05:55] INFO [main: CodeCraft-2019.py, 28] answer_path is config/answer.txt
[2019-03-25 21:06:17] INFO [main: CodeCraft-2019.py, 25] car_path is config/car.txt
[2019-03-25 21:06:17] INFO [main: CodeCraft-2019.py, 26] road_path is config/road.txt
[2019-03-25 21:06:17] INFO [main: CodeCraft-2019.py, 27] cross_path is config/cross.txt
[2019-03-25 21:06:17] INFO [main: CodeCraft-2019.py, 28] answer_path is config/answer.txt
[2019-03-25 21:06:34] INFO [main: CodeCraft-2019.py, 25] car_path is config/car.txt
[2019-03-25 21:06:34] INFO [main: CodeCraft-2019.py, 26] road_path is config/road.txt
[2019-03-25 21:06:34] INFO [main: CodeCraft-2019.py, 27] cross_path is config/cross.txt
[2019-03-25 21:06:34] INFO [main: CodeCraft-2019.py, 28] answer_path is config/answer.txt
[2019-03-25 21:09:32] INFO [main: CodeCraft-2019.py, 25] car_path is config/car.txt
[2019-03-25 21:09:32] INFO [main: CodeCraft-2019.py, 26] road_path is config/road.txt
[2019-03-25 21:09:32] INFO [main: CodeCraft-2019.py, 27] cross_path is config/cross.txt
[2019-03-25 21:09:32] INFO [main: CodeCraft-2019.py, 28] answer_path is config/answer.txt
[2019-03-25 21:09:43] INFO [main: CodeCraft-2019.py, 25] car_path is config/car.txt
[2019-03-25 21:09:43] INFO [main: CodeCraft-2019.py, 26] road_path is config/road.txt
[2019-03-25 21:09:43] INFO [main: CodeCraft-2019.py, 27] cross_path is config/cross.txt
[2019-03-25 21:09:43] INFO [main: CodeCraft-2019.py, 28] answer_path is config/answer.txt
[2019-03-25 21:11:32] INFO [main: CodeCraft-2019.py, 25] car_path is config/car.txt
[2019-03-25 21:11:32] INFO [main: CodeCraft-2019.py, 26] road_path is config/road.txt
[2019-03-25 21:11:32] INFO [main: CodeCraft-2019.py, 27] cross_path is config/cross.txt
[2019-03-25 21:11:32] INFO [main: CodeCraft-2019.py, 28] answer_path is config/answer.txt
[2019-03-25 21:12:24] INFO [main: CodeCraft-2019.py, 25] car_path is config/car.txt
[2019-03-25 21:12:24] INFO [main: CodeCraft-2019.py, 26] road_path is config/road.txt
[2019-03-25 21:12:24] INFO [main: CodeCraft-2019.py, 27] cross_path is config/cross.txt
[2019-03-25 21:12:24] INFO [main: CodeCraft-2019.py, 28] answer_path is config/answer.txt
[2019-03-25 21:12:36] INFO [main: CodeCraft-2019.py, 25] car_path is config/car.txt
[2019-03-25 21:12:36] INFO [main: CodeCraft-2019.py, 26] road_path is config/road.txt
[2019-03-25 21:12:36] INFO [main: CodeCraft-2019.py, 27] cross_path is config/cross.txt
[2019-03-25 21:12:36] INFO [main: CodeCraft-2019.py, 28] answer_path is config/answer.txt
[2019-03-25 21:14:23] INFO [main: CodeCraft-2019.py, 25] car_path is config/car.txt
[2019-03-25 21:14:23] INFO [main: CodeCraft-2019.py, 26] road_path is config/road.txt
[2019-03-25 21:14:23] INFO [main: CodeCraft-2019.py, 27] cross_path is config/cross.txt
[2019-03-25 21:14:23] INFO [main: CodeCraft-2019.py, 28] answer_path is config/answer.txt
[2019-03-25 23:02:23] INFO [main: CodeCraft-2019.py, 25] car_path is config/car.txt
[2019-03-25 23:02:23] INFO [main: CodeCraft-2019.py, 26] road_path is config/road.txt
[2019-03-25 23:02:23] INFO [main: CodeCraft-2019.py, 27] cross_path is config/cross.txt
[2019-03-25 23:02:23] INFO [main: CodeCraft-2019.py, 28] answer_path is config/answer.txt
[2019-03-25 23:04:34] INFO [main: CodeCraft-2019.py, 25] car_path is config/car.txt
[2019-03-25 23:04:34] INFO [main: CodeCraft-2019.py, 26] road_path is config/road.txt
[2019-03-25 23:04:34] INFO [main: CodeCraft-2019.py, 27] cross_path is config/cross.txt
[2019-03-25 23:04:34] INFO [main: CodeCraft-2019.py, 28] answer_path is config/answer.txt
[2019-03-25 23:26:45] INFO [main: CodeCraft-2019.py, 25] car_path is config/car.txt
[2019-03-25 23:26:45] INFO [main: CodeCraft-2019.py, 26] road_path is config/road.txt
[2019-03-25 23:26:45] INFO [main: CodeCraft-2019.py, 27] cross_path is config/cross.txt
[2019-03-25 23:26:45] INFO [main: CodeCraft-2019.py, 28] answer_path is config/answer.txt
[2019-03-25 23:31:49] INFO [main: CodeCraft-2019.py, 25] car_path is config/car.txt
[2019-03-25 23:31:49] INFO [main: CodeCraft-2019.py, 26] road_path is config/road.txt
[2019-03-25 23:31:49] INFO [main: CodeCraft-2019.py, 27] cross_path is config/cross.txt
[2019-03-25 23:31:49] INFO [main: CodeCraft-2019.py, 28] answer_path is config/answer.txt
[2019-03-25 23:39:13] INFO [main: CodeCraft-2019.py, 25] car_path is config/car.txt
[2019-03-25 23:39:13] INFO [main: CodeCraft-2019.py, 26] road_path is config/road.txt
[2019-03-25 23:39:13] INFO [main: CodeCraft-2019.py, 27] cross_path is config/cross.txt
[2019-03-25 23:39:13] INFO [main: CodeCraft-2019.py, 28] answer_path is config/answer.txt
[2019-03-25 23:39:25] INFO [main: CodeCraft-2019.py, 25] car_path is config/car.txt
[2019-03-25 23:39:25] INFO [main: CodeCraft-2019.py, 26] road_path is config/road.txt
[2019-03-25 23:39:25] INFO [main: CodeCraft-2019.py, 27] cross_path is config/cross.txt
[2019-03-25 23:39:25] INFO [main: CodeCraft-2019.py, 28] answer_path is config/answer.txt
[2019-03-25 23:40:11] INFO [main: CodeCraft-2019.py, 25] car_path is config/car.txt
[2019-03-25 23:40:11] INFO [main: CodeCraft-2019.py, 26] road_path is config/road.txt
[2019-03-25 23:40:11] INFO [main: CodeCraft-2019.py, 27] cross_path is config/cross.txt
[2019-03-25 23:40:11] INFO [main: CodeCraft-2019.py, 28] answer_path is config/answer.txt
[2019-03-25 23:46:54] INFO [main: CodeCraft-2019.py, 25] car_path is config/car.txt
[2019-03-25 23:46:54] INFO [main: CodeCraft-2019.py, 26] road_path is config/road.txt
[2019-03-25 23:46:54] INFO [main: CodeCraft-2019.py, 27] cross_path is config/cross.txt
[2019-03-25 23:46:54] INFO [main: CodeCraft-2019.py, 28] answer_path is config/answer.txt
[2019-03-25 23:52:13] INFO [main: CodeCraft-2019.py, 25] car_path is config/car.txt
[2019-03-25 23:52:13] INFO [main: CodeCraft-2019.py, 26] road_path is config/road.txt
[2019-03-25 23:52:13] INFO [main: CodeCraft-2019.py, 27] cross_path is config/cross.txt
[2019-03-25 23:52:13] INFO [main: CodeCraft-2019.py, 28] answer_path is config/answer.txt
[2019-03-25 23:52:33] INFO [main: CodeCraft-2019.py, 25] car_path is config/car.txt
[2019-03-25 23:52:33] INFO [main: CodeCraft-2019.py, 26] road_path is config/road.txt
[2019-03-25 23:52:33] INFO [main: CodeCraft-2019.py, 27] cross_path is config/cross.txt
[2019-03-25 23:52:33] INFO [main: CodeCraft-2019.py, 28] answer_path is config/answer.txt
